Component: Tensile_biaxial
Strain, Stress, Mean Volume, Mean Energy, Mean External Pressure 
0.0, 0.0, 0.0, 0.0 0.0 
0.01, 7.640317873, 46.05379328, -72.74973686, 4.634
0.015, 13.109570972, 46.51090009, -72.7219126, 8.681999999999999
0.02, 18.35499885, 46.97026421, -72.67843216, 12.559000000000001
0.03, 28.208330327, 47.89576442, -72.54702451, 19.828
0.04, 37.240341792, 48.830293899999994, -72.35852753, 26.470999999999997
0.05, 45.521514014000005, 49.77385265, -72.1179924, 32.549
0.06, 53.080550162, 50.72644067000001, -71.82702157, 38.079
0.07, 59.972346108, 51.68805796, -71.48988365, 43.108
0.08, 66.23551585300001, 52.65870451999999, -71.10994392, 47.665
0.09000000000000001, 71.910650535, 53.63838035, -70.68955679, 51.782000000000004
0.1, 77.03633920200001, 54.62708545, -70.23220604, 55.491
0.11, 81.643393479, 55.62481982, -69.73994822, 58.812
0.12000000000000001, 85.766784896, 56.63158346, -69.2158775, 61.775999999999996
0.13, 89.43408409800001, 57.647376369999996, -68.66227671, 64.40299999999999
0.13999999999999999, 92.67763710000001, 58.67219855, -68.08152377, 66.71799999999999
0.15, 95.520910368, 59.70605, -67.47618433, 68.739
0.16, 97.99202749900002, 60.74893072, -66.84814853, 70.488
0.16999999999999998, 100.11451267400001, 61.80084072, -66.19955333, 71.983
0.18, 101.90623991700001, 62.86177998, -65.53215357, 73.236
0.19, 103.394045319, 63.93174851, -64.84838997, 74.27000000000001
0.19999999999999998, 104.592477614, 65.01074632, -64.14975425, 75.09400000000001
0.21, 105.525652817, 66.09877339, -63.43776564, 75.726
0.22, 106.20702227500001, 67.19582973, -62.71445877, 76.17699999999999
0.22999999999999998, 106.656545785, 68.30191535, -61.98145743, 76.462
0.24, 106.883356547, 69.41703023, -61.24002385, 76.587
0.25, 106.905402768, 70.54117439, -60.4915764, 76.566
0.26, 106.739826836, 71.67434781, -59.73769736, 76.411
0.27, 106.39550794500002, 72.81655051, -58.9794862, 76.12899999999999
0.28, 105.88488494799999, 73.96778247, -58.21854504, 75.72999999999999
0.29000000000000004, 105.218856235, 75.12804371, -57.45584534, 75.22

