Component: Shear
Strain, Stress, Mean Volume, Mean Energy, Mean External Pressure 
0.0, 0.0, 0.0, 0.0 0.0 
0.01, 11.474479264000001, 45.14635161, -72.72334856666667, -4.139333333333334
0.015, 17.211321021499998, 45.14635161, -72.68195885666667, -4.308333333333334
0.02, 22.9466378975, 45.14635161, -72.62403143666667, -4.545666666666667
0.03, 34.421445606, 45.14635161, -72.45879213, -5.2139999999999995
0.04, 45.891137914000005, 45.14635161, -72.22720371999999, -6.154
0.05, 57.3606332375, 45.14635161, -71.92971186666666, -7.356
0.06, 68.8287384985, 45.14635161, -71.56590719333333, -8.823
0.07, 80.255359646, 45.14635161, -71.13608306666667, -10.551666666666666
0.08, 91.716618942, 45.14635161, -70.6395027, -12.541
0.09000000000000001, 103.17220809999999, 45.14635161, -70.07669325666667, -14.782333333333336
0.1, 114.62314249900001, 45.14635161, -69.44781953666667, -17.272
0.11, 126.0585885995, 45.14635161, -68.84510059, -21.431333333333335
0.12000000000000001, 137.4847890395, 45.14635161, -68.02729168333333, -21.198
0.13, 148.85517890900002, 45.14635161, -67.29585630666666, -27.548333333333336
0.13999999999999999, 151.1734445265, 45.14635161, -66.45246341333333, -27.267000000000003
0.15, 162.39357680100002, 45.14635161, -65.57034622, -30.552
0.16, 173.58150161050003, 45.14635161, -64.38099036666667, -27.55
0.16999999999999998, 173.1069028095, 45.14635161, -63.64007007666667, -33.336
0.18, 183.817115642, 45.14635161, -62.20692329, -34.841
0.19, 194.27606376100002, 45.14635161, -61.568444346666666, -41.374
0.19999999999999998, 182.85485283900002, 45.14635161, -60.521007483333335, -35.17633333333333
0.21, 168.79347648200002, 45.14635161, -59.52371101, -30.05533333333333
0.22, 161.68510160350002, 45.14635161, -58.56494218, -28.797333333333334
0.22999999999999998, 156.1992541635, 45.14635161, -57.633941523333334, -28.718333333333334

