Component: Shear
Strain, Stress, Mean Volume, Mean Energy, Mean External Pressure 
0.0, 0.0, 0.0, 0.0 0.0 
0.01, 2.4056417490000004, 104.79153518, -18.60203446, -0.1018
0.015, 4.019888977, 104.51504731, -18.597929893333333, -0.13926666666666668
0.02, 5.661708343000001, 104.23329301, -18.58329267666667, -0.17946666666666666
0.03, 9.020378474000001, 103.65398509, -18.520382913333332, -0.2687333333333334
0.04, 12.461541641, 103.05361144, -18.44195670666667, -0.37800000000000006
0.05, 16.018498998000002, 102.43217204, -18.32727607, -0.4928666666666667
0.06, 19.685589313999998, 101.7896669, -18.18217607, -0.6165333333333334
0.07, 23.443314466000004, 101.12609601000001, -18.005023013333332, -0.7472666666666667
0.08, 27.310914420000003, 100.44145939000002, -17.794632423333333, -0.8836666666666668
0.09000000000000001, 31.239315275000003, 99.73575702, -17.556165160000003, -1.0286666666666666
0.1, 35.199333133, 99.00898891000001, -17.279710196666667, -1.169
0.11, 39.226579716, 98.26115506000001, -16.967874543333334, -1.3154666666666666
0.12000000000000001, 43.37791347, 97.49225545999998, -16.619802186666664, -1.4742
0.13, 47.700490129, 96.70229013, -16.23311182, -1.6516666666666666
0.13999999999999999, 52.207670761, 95.89125904999999, -15.805332346666667, -1.8468666666666664
0.15, 56.878682166000004, 95.05916223000001, -15.33391393, -2.0636666666666668
0.16, 49.82496707200001, 94.20599966000002, -15.003230386666667, -1.4958000000000002

