Component: Tensile_y
Strain, Stress, Mean Volume, Mean Energy, Mean External Pressure 
0.0, 0.0, 0.0, 0.0 0.0 
0.01, 3.881828506, 106.38199872, -18.60111150666667, 0.12533333333333335
0.015, 5.550114134, 106.90864228, -18.592920003333333, 0.19240000000000002
0.02, 7.169648462000001, 107.43528584, -18.582578746666666, 0.2577333333333333
0.03, 10.279351936000001, 108.48857296, -18.55555566, 0.38280000000000003
0.04, 13.168026194000001, 109.54186007, -18.52002246, 0.4998666666666667
0.05, 15.848853082, 110.59514718999999, -18.475987426666666, 0.6085333333333334
0.06, 18.316197768000002, 111.6484343, -18.4234759, 0.7083333333333334
0.07, 20.558337796000004, 112.70172142, -18.36269201, 0.7988666666666667
0.08, 22.565725436, 113.75500854, -18.29391096, 0.8798666666666666
0.09000000000000001, 24.320557604, 114.80829565, -18.217822483333332, 0.9509333333333334
0.1, 25.846305532000002, 115.86158277, -18.1352059, 1.0121999999999998
0.11, 27.117484826, 116.91486988000001, -18.046892826666667, 1.0638
0.12000000000000001, 28.161945932, 117.968157, -17.95344529333333, 1.1059333333333334
0.13, 29.014299008000002, 119.02144412, -17.8556104, 1.1397333333333335
0.13999999999999999, 29.684293458000003, 120.07473123, -17.753868576666665, 1.1654
0.15, 30.198756956, 121.12801835, -17.648744269999998, 1.1835333333333335
0.16, 30.562786314, 122.18130546000002, -17.54084001, 1.1949333333333334
0.16999999999999998, 30.781664410000005, 123.23459257999998, -17.430865586666666, 1.2000666666666666
0.18, 30.850068788, 124.2878797, -17.319506826666665, 1.1989999999999998
0.19, 30.755804544, 125.34116681, -17.207716766666667, 1.192
0.19999999999999998, 30.47571066, 126.39445393, -17.09647221, 1.1790000000000003
0.21, 30.053020852, 127.44774104, -17.03816879333333, 1.038
0.22, 29.326218878, 128.50102816, -16.942852066666667, 0.9912000000000001

