Component: Tensile_biaxial
Strain, Stress, Mean Volume, Mean Energy, Mean External Pressure 
0.0, 0.0, 0.0, 0.0 0.0 
0.01, 3.925099958, 107.44581870999998, -18.60814568, 0.2654
0.015, 5.809174264, 108.51227192, -18.59255606, 0.39080000000000004
0.02, 7.596495278000001, 109.58399156, -18.57076512, 0.51
0.03, 10.895298546, 111.74323014, -18.50935576, 0.7298
0.04, 13.855420964000002, 113.92353447, -18.42590451, 0.927
0.05, 16.5116565, 116.12490455, -18.32253236, 1.1038000000000001
0.06, 18.883850090000003, 118.34734036000002, -18.20049418, 1.2618
0.07, 20.996879626000002, 120.59084192, -18.06156304, 1.4026
0.08, 22.871774000000002, 122.85540922, -17.90718783, 1.5274
0.09000000000000001, 24.527177870000003, 125.14104226, -17.73873014, 1.6378000000000001
0.1, 25.979778214, 127.44774104, -17.55751768, 1.7344000000000002
0.11, 27.245618796000002, 129.77550557, -17.36476859, 1.8188
0.12000000000000001, 28.337584140000004, 132.12433584, -17.16153116, 1.8914
0.13, 29.269681528000003, 134.49423185, -16.94900559, 1.9534
0.13999999999999999, 30.052680044, 136.8851936, -16.72804724, 2.0056000000000003
0.15, 30.700030102, 139.2972211, -16.49985388, 2.0486
0.16, 31.220655272000002, 141.73031434, -16.26517919, 2.0832
0.16999999999999998, 31.624046484000004, 144.18447332, -16.02489265, 2.1100000000000003
0.18, 31.919653808, 146.65969804, -15.77986802, 2.1298
0.19, 32.114201748, 149.15598851, -15.53078474, 2.1426
0.19999999999999998, 32.21518273, 151.67334471, -15.27844814, 2.1492
0.21, 32.229013852, 154.21176666, -15.02355439, 2.1502000000000003
0.22, 32.161146216, 156.77125436, -14.76672667, 2.1456
0.22999999999999998, 32.016063478, 159.35180779, -14.50864793, 2.1358
0.24, 31.798000732000006, 161.95342697, -14.249925, 2.1212
0.25, 31.512209758, 164.57611189, -13.99118345, 2.1022

