Component: Tensile_x
Strain, Stress, Mean Volume, Mean Energy, Mean External Pressure 
0.0, 0.0, 0.0, 0.0 0.0 
0.01, 3.08529866676671, 106.38199872, -18.611165349999997, 0.1507147132239694
0.015, 4.716117344045224, 106.90864228, -18.606607540000002, 0.21619077406828985
0.02, 6.299423609220377, 107.43528584, -18.599040263333332, 0.2796040728331653
0.03, 9.327917916542743, 108.48857296, -18.575512299999996, 0.40004276198786054
0.04, 12.175345220269126, 109.54186007, -18.541447883333333, 0.5123634842492558
0.05, 14.847951299809456, 110.59514718999999, -18.49796185, 0.617298187451993
0.06, 17.357749115918363, 111.6484343, -18.445609876666666, 0.7147137901715918
0.07, 19.701946398064283, 112.70172142, -18.385092229999998, 0.8049429959692529
0.08, 21.885346579862915, 113.75500854, -18.317036610000002, 0.8882519676939373
0.09000000000000001, 23.911799326311613, 114.80829565, -18.241982473333334, 0.9646407053456443
0.1, 25.78628679472131, 115.86158277, -18.16054267, 1.0345084531978157
0.11, 27.509836837477767, 116.91486988000001, -18.07298036, 1.0975890484014903
0.12000000000000001, 29.092762281506477, 117.968157, -17.97986868, 1.15461443879131
0.13, 30.529303335474243, 119.02144412, -17.881450823333335, 1.2049192172448733
0.13999999999999999, 31.825435686047566, 120.07473123, -17.778234116666667, 1.2491022501723417
0.15, 32.98233290777578, 121.12801835, -17.670531920000002, 1.287096996861475
0.16, 34.01528483863665, 122.18130546000002, -17.55870369, 1.319103079448993
0.16999999999999998, 34.898017234953464, 123.23459257999998, -17.442972413333333, 1.3449208757981765
0.18, 35.67427999885712, 124.2878797, -17.323656153333335, 1.3648830894702255
0.19, 36.314806772422045, 125.34116681, -17.201012249999998, 1.3787900983284196
0.19999999999999998, 36.836145188754806, 126.39445393, -17.07529799, 1.3870411466461996
0.21, 37.24352652760431, 127.44774104, -16.94661049333333, 1.3894366122868456
0.22, 37.54267566639205, 128.50102816, -16.81493933333333, 1.3863091988115577
0.22999999999999998, 37.74544308343447, 129.55431528, -16.68028866, 1.3777919876448168
0.24, 37.899022999137664, 130.60760239, -16.602904003333332, 1.4618329072041432
0.25, 37.945078992086174, 131.66088951, -16.478255233333332, 1.4604355522470998
0.26, 37.925910134675874, 132.71417663, -16.267426966666665, 1.2783136228457734
0.27, 37.85572757273299, 133.76746374, -16.121552516666668, 1.2461744588337744
0.28, 37.743017800235265, 134.82075086, -15.972153426666665, 1.2099763113751258
0.29000000000000004, 37.58990393235356, 135.87403797, -15.819290376666666, 1.1699853433187875

