❤❤❤❤❤❤❤❤❤❤❤❤❤❤❤❤❤❤❤❤❤❤❤❤❤❤❤❤❤❤❤❤❤❤❤❤❤❤❤❤❤❤❤❤❤❤❤❤❤❤❤❤❤❤❤❤❤❤❤❤❤❤❤❤❤❤❤❤❤❤❤❤
❤                            Results for TENSILE_X                     ❤
❤                                    using                             ❤
❤                             SMATool Version: 1.0                     ❤
❤                       VASP code is used as a calculator              ❤
❤                          to perform DFT simulations                  ❤
❤                Calculations started at 14:47:09 on 2024-06-15        ❤
❤❤❤❤❤❤❤❤❤❤❤❤❤❤❤❤❤❤❤❤❤❤❤❤❤❤❤❤❤❤❤❤❤❤❤❤❤❤❤❤❤❤❤❤❤❤❤❤❤❤❤❤❤❤❤❤❤❤❤❤❤❤❤❤❤❤❤❤❤❤❤❤
+-====================================================================-+
|                    This is a 2D lattice                              |
+-====================================================================-+
                             Ultimate strain (ε) = 0.250                             
                         Ultimate strength (σ_s) = 37.945 N/m                        
                          Yield Strength (σ_y) = 17.358 N/m                          
                         Stiffness (K) = 3277.274  (E-A) N/m                         
                          Stiffness (K) = 284.473 (P-A) N/m                          
                                      Bp = 4.939                                     
                             Stiffness (E) = 294.232 N/m                             
                           Thickness of material = 3.430 Å                           
                            Resilience (U_r) = 0.152 J/m^3                           
                            Toughness (U_r) = 2.342 J/m^3                            
                      Energy storage capacity (E_c) = 6.914 MJ/L                     
                    Energy storage capacity (E_c) = 871.390 Wh/Kg                    
                              Ductility (%D) = 25.000 %                              
                          Ductility Index (%DI) = 316.667 %                          
+------------------------------------------------------------------------------+
|                                 * CITATIONS *                                |
| ---------------------------------------------------------------------------- |
|           If you have used SMATool in your research, PLEASE cite:            |
|                                                                              |
|              SMATool: Strength of materials analysis toolkit,                |
|                                 C.E. Ekuma,                                  |
|             Computer Physics Communications 300, 109189, (2024)              |
|                                                                              |
|                                                                              |
|        Material strength analyzer: Python-based computational toolkit        |
|          for tensile and indent strength of materials, C.E. Ekuma,           |
|                        www.github.com/gmp007/smatool                         |
+------------------------------------------------------------------------------+
❤❤❤❤❤❤❤❤❤❤❤❤❤❤❤❤❤❤❤❤❤❤❤❤❤❤❤❤❤❤❤❤❤❤❤❤❤❤❤❤❤❤❤❤❤❤❤❤❤❤❤❤❤❤❤❤❤❤❤❤❤❤❤❤❤❤❤❤❤❤❤❤
❤                            Results for TENSILE_Y                     ❤
❤                                    using                             ❤
❤                             SMATool Version: 1.0                     ❤
❤                       VASP code is used as a calculator              ❤
❤                          to perform DFT simulations                  ❤
❤                Calculations started at 14:55:03 on 2024-06-15        ❤
❤❤❤❤❤❤❤❤❤❤❤❤❤❤❤❤❤❤❤❤❤❤❤❤❤❤❤❤❤❤❤❤❤❤❤❤❤❤❤❤❤❤❤❤❤❤❤❤❤❤❤❤❤❤❤❤❤❤❤❤❤❤❤❤❤❤❤❤❤❤❤❤
+-====================================================================-+
|                    This is a 2D lattice                              |
+-====================================================================-+
                             Ultimate strain (ε) = 0.180                             
                         Ultimate strength (σ_s) = 30.850 N/m                        
                          Yield Strength (σ_y) = 20.558 N/m                          
                         Stiffness (K) = 5119.147  (E-A) N/m                         
                          Stiffness (K) = 294.863 (P-A) N/m                          
                                     Bp = 10.196                                     
                             Stiffness (E) = 299.635 N/m                             
                           Thickness of material = 3.430 Å                           
                            Resilience (U_r) = 0.210 J/m^3                           
                            Toughness (U_r) = 1.465 J/m^3                            
                      Energy storage capacity (E_c) = 4.047 MJ/L                     
                    Energy storage capacity (E_c) = 509.125 Wh/Kg                    
                              Ductility (%D) = 18.000 %                              
                          Ductility Index (%DI) = 157.143 %                          
+------------------------------------------------------------------------------+
|                                 * CITATIONS *                                |
| ---------------------------------------------------------------------------- |
|           If you have used SMATool in your research, PLEASE cite:            |
|                                                                              |
|              SMATool: Strength of materials analysis toolkit,                |
|                                 C.E. Ekuma,                                  |
|             Computer Physics Communications 300, 109189, (2024)              |
|                                                                              |
|                                                                              |
|        Material strength analyzer: Python-based computational toolkit        |
|          for tensile and indent strength of materials, C.E. Ekuma,           |
|                        www.github.com/gmp007/smatool                         |
+------------------------------------------------------------------------------+
❤❤❤❤❤❤❤❤❤❤❤❤❤❤❤❤❤❤❤❤❤❤❤❤❤❤❤❤❤❤❤❤❤❤❤❤❤❤❤❤❤❤❤❤❤❤❤❤❤❤❤❤❤❤❤❤❤❤❤❤❤❤❤❤❤❤❤❤❤❤❤❤
❤                         Results for TENSILE_BIAXIAL                  ❤
❤                                    using                             ❤
❤                             SMATool Version: 1.0                     ❤
❤                       VASP code is used as a calculator              ❤
❤                          to perform DFT simulations                  ❤
❤                Calculations started at 15:00:57 on 2024-06-15        ❤
❤❤❤❤❤❤❤❤❤❤❤❤❤❤❤❤❤❤❤❤❤❤❤❤❤❤❤❤❤❤❤❤❤❤❤❤❤❤❤❤❤❤❤❤❤❤❤❤❤❤❤❤❤❤❤❤❤❤❤❤❤❤❤❤❤❤❤❤❤❤❤❤
+-====================================================================-+
|                    This is a 2D lattice                              |
+-====================================================================-+
                             Ultimate strain (ε) = 0.210                             
                         Ultimate strength (σ_s) = 32.229 N/m                        
                          Yield Strength (σ_y) = 20.997 N/m                          
                         Stiffness (K) = 2281.303  (E-A) N/m                         
                          Stiffness (K) = 150.699 (P-A) N/m                          
                                      Bp = 5.238                                     
                             Stiffness (E) = 314.666 N/m                             
                           Thickness of material = 3.430 Å                           
                            Resilience (U_r) = 0.214 J/m^3                           
                            Toughness (U_r) = 1.786 J/m^3                            
                      Energy storage capacity (E_c) = 4.933 MJ/L                     
                    Energy storage capacity (E_c) = 620.529 Wh/Kg                    
                              Ductility (%D) = 21.000 %                              
                          Ductility Index (%DI) = 200.000 %                          
+------------------------------------------------------------------------------+
|                                 * CITATIONS *                                |
| ---------------------------------------------------------------------------- |
|           If you have used SMATool in your research, PLEASE cite:            |
|                                                                              |
|              SMATool: Strength of materials analysis toolkit,                |
|                                 C.E. Ekuma,                                  |
|             Computer Physics Communications 300, 109189, (2024)              |
|                                                                              |
|                                                                              |
|        Material strength analyzer: Python-based computational toolkit        |
|          for tensile and indent strength of materials, C.E. Ekuma,           |
|                        www.github.com/gmp007/smatool                         |
+------------------------------------------------------------------------------+
❤❤❤❤❤❤❤❤❤❤❤❤❤❤❤❤❤❤❤❤❤❤❤❤❤❤❤❤❤❤❤❤❤❤❤❤❤❤❤❤❤❤❤❤❤❤❤❤❤❤❤❤❤❤❤❤❤❤❤❤❤❤❤❤❤❤❤❤❤❤❤❤
❤                         Results for INDENT_STRENGTH                  ❤
❤                                    using                             ❤
❤                             SMATool Version: 1.0                     ❤
❤                       VASP code is used as a calculator              ❤
❤                          to perform DFT simulations                  ❤
❤                Calculations started at 15:06:38 on 2024-06-15        ❤
❤❤❤❤❤❤❤❤❤❤❤❤❤❤❤❤❤❤❤❤❤❤❤❤❤❤❤❤❤❤❤❤❤❤❤❤❤❤❤❤❤❤❤❤❤❤❤❤❤❤❤❤❤❤❤❤❤❤❤❤❤❤❤❤❤❤❤❤❤❤❤❤
+-====================================================================-+
|                    This is a 2D lattice                              |
+-====================================================================-+
                             Ultimate strain (ε) = 0.100                             
                         Ultimate strength (σ_s) = 20.666 N/m                        
                          Yield Strength (σ_y) = 16.599 N/m                          
                         Stiffness (K) = 75769.393  (E-A) N/m                        
                          Stiffness (K) = 567.797 (P-A) N/m                          
                                      Bp = 0.000                                     
                             Stiffness (E) = 283.221 N/m                             
                           Thickness of material = 3.430 Å                           
                            Resilience (U_r) = 0.145 J/m^3                           
                            Toughness (U_r) = 0.377 J/m^3                            
                      Energy storage capacity (E_c) = 1.506 MJ/L                     
                    Energy storage capacity (E_c) = 196.641 Wh/Kg                    
                              Ductility (%D) = 10.000 %                              
                           Ductility Index (%DI) = 66.667 %                          
+------------------------------------------------------------------------------+
|                                 * CITATIONS *                                |
| ---------------------------------------------------------------------------- |
|           If you have used SMATool in your research, PLEASE cite:            |
|                                                                              |
|              SMATool: Strength of materials analysis toolkit,                |
|                                 C.E. Ekuma,                                  |
|             Computer Physics Communications 300, 109189, (2024)              |
|                                                                              |
|                                                                              |
|        Material strength analyzer: Python-based computational toolkit        |
|          for tensile and indent strength of materials, C.E. Ekuma,           |
|                        www.github.com/gmp007/smatool                         |
+------------------------------------------------------------------------------+
❤❤❤❤❤❤❤❤❤❤❤❤❤❤❤❤❤❤❤❤❤❤❤❤❤❤❤❤❤❤❤❤❤❤❤❤❤❤❤❤❤❤❤❤❤❤❤❤❤❤❤❤❤❤❤❤❤❤❤❤❤❤❤❤❤❤❤❤❤❤❤❤
❤                          Results for IDEAL_STRENGTH                  ❤
❤                                    using                             ❤
❤                             SMATool Version: 1.0                     ❤
❤                       VASP code is used as a calculator              ❤
❤                          to perform DFT simulations                  ❤
❤                Calculations started at 15:31:10 on 2024-06-15        ❤
❤❤❤❤❤❤❤❤❤❤❤❤❤❤❤❤❤❤❤❤❤❤❤❤❤❤❤❤❤❤❤❤❤❤❤❤❤❤❤❤❤❤❤❤❤❤❤❤❤❤❤❤❤❤❤❤❤❤❤❤❤❤❤❤❤❤❤❤❤❤❤❤
+-====================================================================-+
|                    This is a 2D lattice                              |
+-====================================================================-+
                             Ultimate strain (ε) = 0.430                             
                         Ultimate strength (σ_s) = 60.724 N/m                        
                          Yield Strength (σ_y) = 28.705 N/m                          
                           Stiffness (K) = 0.000  (E-A) N/m                          
                           Stiffness (K) = 0.000 (P-A) N/m                           
                                      Bp = 1.451                                     
                             Stiffness (E) = 152.748 N/m                             
                           Thickness of material = 3.430 Å                           
                            Resilience (U_r) = 0.795 J/m^3                           
                            Toughness (U_r) = 4.184 J/m^3                            
                     Energy storage capacity (E_c) = 19.032 MJ/L                     
                    Energy storage capacity (E_c) = 2394.022 Wh/Kg                   
                              Ductility (%D) = 43.000 %                              
                          Ductility Index (%DI) = 126.316 %                          
+------------------------------------------------------------------------------+
|                                 * CITATIONS *                                |
| ---------------------------------------------------------------------------- |
|           If you have used SMATool in your research, PLEASE cite:            |
|                                                                              |
|              SMATool: Strength of materials analysis toolkit,                |
|                                 C.E. Ekuma,                                  |
|             Computer Physics Communications 300, 109189, (2024)              |
|                                                                              |
|                                                                              |
|        Material strength analyzer: Python-based computational toolkit        |
|          for tensile and indent strength of materials, C.E. Ekuma,           |
|                        www.github.com/gmp007/smatool                         |
+------------------------------------------------------------------------------+
❤❤❤❤❤❤❤❤❤❤❤❤❤❤❤❤❤❤❤❤❤❤❤❤❤❤❤❤❤❤❤❤❤❤❤❤❤❤❤❤❤❤❤❤❤❤❤❤❤❤❤❤❤❤❤❤❤❤❤❤❤❤❤❤❤❤❤❤❤❤❤❤
❤                              Results for SHEAR                       ❤
❤                                    using                             ❤
❤                             SMATool Version: 1.0                     ❤
❤                       VASP code is used as a calculator              ❤
❤                          to perform DFT simulations                  ❤
❤                Calculations started at 15:41:17 on 2024-06-15        ❤
❤❤❤❤❤❤❤❤❤❤❤❤❤❤❤❤❤❤❤❤❤❤❤❤❤❤❤❤❤❤❤❤❤❤❤❤❤❤❤❤❤❤❤❤❤❤❤❤❤❤❤❤❤❤❤❤❤❤❤❤❤❤❤❤❤❤❤❤❤❤❤❤
+-====================================================================-+
|                    This is a 2D lattice                              |
+-====================================================================-+
                             Ultimate strain (ε) = 0.150                             
                         Ultimate strength (σ_s) = 56.879 N/m                        
                          Yield Strength (σ_y) = 19.686 N/m                          
                         Stiffness (K) = 28457.621  (E-A) N/m                        
                           Stiffness (K) = 0.000 (P-A) N/m                           
                                      Bp = 0.000                                     
                             Stiffness (E) = 340.148 N/m                             
                           Thickness of material = 3.430 Å                           
                            Resilience (U_r) = 0.172 J/m^3                           
                            Toughness (U_r) = 1.299 J/m^3                            
                      Energy storage capacity (E_c) = 6.219 MJ/L                     
                    Energy storage capacity (E_c) = 782.234 Wh/Kg                    
                              Ductility (%D) = 15.000 %                              
                          Ductility Index (%DI) = 150.000 %                          
+------------------------------------------------------------------------------+
|                                 * CITATIONS *                                |
| ---------------------------------------------------------------------------- |
|           If you have used SMATool in your research, PLEASE cite:            |
|                                                                              |
|              SMATool: Strength of materials analysis toolkit,                |
|                                 C.E. Ekuma,                                  |
|             Computer Physics Communications 300, 109189, (2024)              |
|                                                                              |
|                                                                              |
|        Material strength analyzer: Python-based computational toolkit        |
|          for tensile and indent strength of materials, C.E. Ekuma,           |
|                        www.github.com/gmp007/smatool                         |
+------------------------------------------------------------------------------+
