Component: Tensile_x
Strain, Stress, Mean Volume, Mean Energy, Mean External Pressure, Mean Temp 
0.0, 0.0, 0.0, 0.0, 0.0 
0.01, 0.0, 425.52799489, -73.99886008333333,  -0.04077191357973732, 559.596
0.015, 1.8245847602428336, 427.63456913, -73.66031537333333,  0.021565309662009816, 627.776
0.02, 3.454435927766132, 429.74114336, -73.77386813333332,  0.11887876951182912, 551.0656666666667
0.03, 6.512257041053502, 433.95429182, -73.80993802666667,  0.21100307672422733, 621.7086666666668
0.04, 9.473007005170514, 438.16744029, -73.61054565666666,  0.32321007855937217, 517.3113333333333
0.05, 12.547146288440453, 442.38058875, -73.44926771333333,  0.4912173191449674, 557.551
0.06, 15.048320152239672, 446.5937372199999, -73.31118336666667,  0.6036938873508874, 578.8626666666667
0.07, 17.213722978329752, 450.80688568, -72.97650342333334,  0.6018069227554615, 489.2366666666667
0.08, 19.54325742143754, 455.02003414, -73.05415433666667,  0.7706902540460758, 568.2096666666666
0.09000000000000001, 21.576383306651177, 459.23318261000003, -72.67221215666667,  0.7574141102854011, 615.109
0.1, 23.587739396531962, 463.44633107, -72.23083017666666,  0.9490084083138195, 580.0456666666666
0.11, 25.761030381636033, 467.65947953999995, -71.69327406666667,  0.9628236848160446, 634.3823333333333
0.12000000000000001, 27.002596288252878, 471.872628, -71.37628932666667,  0.9845237776634419, 595.905
0.13, 29.006672649274677, 476.08577647, -71.05893738333333,  1.0380327022623037, 786.7710000000001
0.13999999999999999, 30.276236391852326, 480.29892493000006, -70.712587,  1.1445114187184775, 645.7933333333333
0.15, 31.36205139193057, 484.51207339, -70.34883394,  1.2460705489080048, 531.995
0.16, 32.62384753360024, 488.72522186, -69.79050256666666,  1.21068996274377, 548.6676666666667
0.16999999999999998, 33.25705108584001, 492.93837031999993, -69.56945170333331,  1.2123073609684207, 551.2083333333334
0.18, 34.51624401199851, 497.15151879, -69.21250325,  1.3023425288073118, 647.15
0.19, 35.108294555590405, 501.3646672500001, -68.74264511666667,  1.3749906657312072, 701.9683333333332
0.19999999999999998, 35.589652728231655, 505.57781572, -68.24952594333332,  1.3902211656800016, 569.56
0.21, 35.85567420883722, 509.79096418, -67.77731764333333,  1.421423473097222, 469.055
0.22, 36.195220383402635, 514.00411264, -67.32459917666667,  1.4400909442733993, 586.3816666666667
0.22999999999999998, 37.14963430041759, 518.21726111, -66.88848765333334,  1.4018799112160256, 692.3539999999999
0.24, 36.72478518596941, 522.43040957, -66.03580509333334,  1.3815950418151977, 731.8086666666667
0.25, 37.07345572205734, 526.64355804, -65.44093817333334,  1.4889498489763904, 733.6216666666668
0.26, 36.76879535146732, 530.8567065, -65.05909078999998,  1.4640149596796916, 635.6423333333333
0.27, 36.73463258399433, 535.06985497, -64.48983237,  1.3329383118902882, 544.2449999999999
0.28, 35.534448241328676, 539.28300343, -64.39951881333333,  1.3914342143484897, 611.1523333333333
0.29000000000000004, 36.23974930258081, 543.49615189, -63.76185099666667,  1.3076664646301206, 676.0836666666668
0.30000000000000004, 35.99240849685193, 547.70930036, -63.55921953666667,  1.4045081833310833, 522.1313333333334
0.31, 36.04732963783328, 551.92244882, -62.72706792,  1.3199317345003887, 554.44

