Component: Shear
Strain, Stress, Mean Volume, Mean Energy, Mean Pressure 
0.0, 0.0, 0.0, 0.0 0.0 
0.01, 1.2352115890468038, 134.03536382, -22.723634013333335, 0.06635576104475086
0.02, 2.279988149869154, 134.03536382, -22.704070950000002, 0.0388803287371587
0.03, 3.2981266598352574, 134.03536382, -22.674914836666662, -0.005702448214783276
0.04, 4.2836754659672795, 134.03536382, -22.634090330000003, -0.09797842841763993
0.05, 5.2219506959419775, 134.03536382, -22.582989706666666, -0.2783831537580563
0.060000000000000005, 6.10449627950401, 134.03536382, -22.522188526666667, -0.46915596676171506
0.06999999999999999, 6.918812327823141, 134.03536382, -22.452443466666665, -0.697253895353046
0.08, 7.6545555467033575, 134.03536382, -22.374643883333334, -0.9616401307657252
0.09, 8.303025779851145, 134.03536382, -22.28981623, -1.2566122247849691
0.09999999999999999, 8.853840729879922, 134.03536382, -22.19907785, -1.5795781554949675
0.11, 9.305365828889247, 134.03536382, -22.103636616666666, -1.917059408933505
0.12, 9.65662276149376, 134.03536382, -22.004722450000003, -2.266463963184771
0.13, 9.918984939092024, 134.03536382, -21.903537996666667, -2.620534156884496
0.14, 10.103810359365069, 134.03536382, -21.80115203, -2.972012328668411
0.15000000000000002, 10.233326986345403, 134.03536382, -21.698500096666667, -3.2949782593784094
0.16, 10.308940718723253, 134.03536382, -21.59657253333333, -3.5992816322945718
0.17, 10.35515947078433, 134.03536382, -21.49566778, -3.8595206326419538
0.18000000000000002, 10.373988011034365, 134.03536382, -21.39646644666667, -4.075695260420556
0.19, 10.370234102853086, 134.03536382, -21.299449776666666, -4.247805515630379
0.2, 10.34099442534382, 134.03536382, -21.205114033333334, -4.371185758822962
0.21000000000000002, 10.28725004350877, 134.03536382, -21.11392861, -4.442207159316172
0.22, 10.216830502209943, 134.03536382, -21.02634155, -4.4546488645120625

