Component: Tensile_biaxial
Strain, Stress, Mean Volume, Mean Energy, Mean Pressure 
0.0, 0.0, 0.0, 0.0 0.0 
0.01, 1.6920281040627916, 136.72947463, -22.721184609999998, 1.3965814082387407
0.02, 3.1938728250528143, 139.45039251, -22.69229003, 2.623126178800307
0.03, 4.5863504876883665, 142.19811747, -22.64599353666667, 3.7516925209442338
0.04, 5.87500690818789, 144.9726495, -22.583353976666668, 4.766728303175656
0.05, 7.063077595533545, 147.77398861, -22.505426603333333, 5.710224280530708
0.060000000000000005, 8.15995651148824, 150.60213478, -22.413150240000004, 6.572849174112468
0.06999999999999999, 9.167905184805432, 153.45708803, -22.307445850000004, 7.358231814603075
0.08, 10.08187544492392, 156.33884835, -22.189215673333333, 8.0653353932362
0.09, 10.925778204902528, 159.24741575, -22.05928910333333, 8.70919363712355
0.09999999999999999, 11.693717904413683, 162.18279022, -21.91850092, 9.287214524349308
0.11, 12.384783410947266, 165.14497176, -21.76764833333333, 9.805618907511425
0.12, 12.954226064887987, 168.13396037, -21.66881835, 9.043046059879952
0.13, 13.367731570210553, 171.14975606, -21.50768406, 9.406447532476594
0.14, 13.536432566988347, 174.19235881, -21.350126536666664, 9.14309810583024
0.15000000000000002, 13.67748597195492, 177.26176865, -21.16865871, 9.880787543069932
0.16, 13.920033766686151, 180.35798555, -21.01007315, 9.48109776365194
0.17, 14.273635638013364, 183.48100953000002, -20.83543103, 9.555229590444123

