Component: Tensile_y
Strain, Stress, Mean Volume, Mean Energy, Mean Pressure 
0.0, 0.0, 0.0, 0.0 0.0 
0.01, 1.5072620245026789, 135.37571745, -22.72700777333333, 0.6288245167756468
0.02, 2.7577563331376407, 136.71607109, -22.715540323333332, 1.1601890095168157
0.03, 3.9288245065365004, 138.05642473, -22.69758788333333, 1.6511179603713395
0.04, 5.02316565600052, 139.39677837, -22.673548493333332, 2.1109426482361364
0.05, 6.044259009519728, 140.73713201, -22.643830653333335, 2.544328712559665
0.060000000000000005, 6.999466966361564, 142.07748564, -22.608812150000002, 2.950757748958764
0.06999999999999999, 7.891572339398997, 143.41783928, -22.568832143333335, 3.3328217793492434
0.08, 8.725146480172869, 144.75819292, -22.524210706666665, 3.690520803731104
0.09, 9.504999333249357, 146.09854656, -22.461051283333333, 4.923286426890616
0.09999999999999999, 10.2226671502858, 147.4389002, -22.42220479, 4.344747135281694
0.11, 10.897995556826194, 148.77925383, -22.365345329999997, 4.644384868749397
0.12, 11.52670449119738, 150.11960747, -22.304923893333335, 4.927433661955913
0.13, 12.111611125596436, 151.45996111, -22.241184593333333, 5.193375110518079
0.14, 12.654641911882912, 152.80031475, -22.174350129999997, 5.4390987881369215
0.15000000000000002, 13.158129162781549, 154.14066839, -22.10464564666667, 5.67652799562517
0.16, 13.62340048910783, 155.48102203, -22.03229864333333, 5.900997093534367
0.17, 14.052065584683085, 156.82137566, -21.957521876666664, 6.113024486247672
0.18000000000000002, 14.441168726481171, 158.1617293, -21.88053425, 6.310018151849276
0.19, 14.788694331821734, 159.50208294, -21.801552436666668, 6.490941281572855
0.2, 15.102614050057877, 160.84243658, -21.720797270000002, 6.658385897334218
0.21000000000000002, 15.378232300777597, 162.18279022, -21.63850055, 6.81079678598388
0.22, 15.617000758814948, 163.52314385, -21.554890866666668, 6.946618734372354
0.23, 15.813022251863933, 164.86349749, -21.47020621333333, 7.062741316200668
0.24000000000000002, 15.965723795854315, 166.20385113, -21.384697533333334, 7.1602013402351465
0.25, 16.074876321886094, 167.54420477, -21.29862360333333, 7.240035615242112
0.26, 16.13465451316642, 168.88455841, -21.212228133333333, 7.297060097389944
0.27, 16.14392994591435, 170.22491205, -21.12577859, 7.333866808594455
0.28, 16.0973328097164, 171.56526568, -21.039548266666667, 7.34734532255667
0.29000000000000004, 15.993380549426197, 172.90561932, -20.95379332, 7.3374956392765895
0.3, 15.83086771622116, 174.24597296, -20.868800286666666, 7.307428185053186
0.31, 15.606448976632146, 175.5863266, -20.78482140666667, 7.25195891605484

