Component: Shear
Strain, Stress, Mean Volume, Mean Energy, Mean External Pressure 
0.0, 0.0, 0.0, 0.0 0.0 
0.01, 5.899772638000001, 335.26541259, -285.54495402333333, 6.486666666666667
0.02, 11.785435506, 335.26541259, -285.174587, 5.976666666666667
0.03, 17.6501361635, 335.26541259, -284.5585802666667, 5.1433333333333335
0.04, 23.4790935995, 335.26541259, -283.6980332233333, 3.936666666666666
0.05, 29.271751017, 335.26541259, -282.59897927000003, 2.1533333333333333
0.060000000000000005, 35.0012409165, 335.26541259, -281.2590437266667, 0.03666666666666667
0.06999999999999999, 40.65367147450001, 335.26541259, -279.68317291666665, -2.6033333333333335
0.08, 46.215534358000006, 335.26541259, -277.8767288766667, -5.8066666666666675
0.09, 51.66609213050001, 335.26541259, -275.8441635533333, -9.636666666666667
0.09999999999999999, 56.97503144, 335.26541259, -273.5784594766667, -13.763333333333334
0.11, 62.138088662499996, 335.26541259, -271.1163948966667, -19.116666666666664
0.12, 67.111811, 335.26541259, -268.4536268066667, -25.346666666666664
0.13, 71.879874556, 335.26541259, -265.59675352333335, -32.653333333333336
0.14, 76.38848952549999, 335.26541259, -262.5585197433333, -40.99
0.15000000000000002, 80.60810918150001, 335.26541259, -259.34879128333336, -50.64333333333334
0.16, 84.49269863950002, 335.26541259, -255.98621874333332, -61.71666666666667
0.17, 87.977547766, 335.26541259, -252.48731341666667, -74.36
0.18000000000000002, 90.97255356850002, 335.26541259, -248.87562685333333, -88.86
0.19, 93.36367739350001, 335.26541259, -245.17529844333333, -104.91333333333334
0.2, 95.00980880950002, 335.26541259, -241.41875667666667, -122.43
0.21000000000000002, 95.764454408, 335.26541259, -237.64398090666666, -141.4
0.22, 95.45531397900001, 335.26541259, -233.89501522333333, -162.54666666666665
0.23, 93.9586529165, 335.26541259, -230.17700171, -192.91666666666666
0.24000000000000002, 90.97914355450001, 335.26541259, -226.7052424566667, -213.55666666666664
0.25, 86.47570503150001, 335.26541259, -223.39269777666667, -242.1933333333333

