Component: Tensile_x
Strain, Stress, Mean Volume, Mean Energy, Mean External Pressure 
0.0, 0.0, 0.0, 0.0 0.0 
0.01, 9.260540817, 275.72841654, -286.45333795666664, 38.126666666666665
0.02, 17.82932765, 278.45840087, -286.20928674, 72.8
0.03, 25.945292966, 281.18838519, -285.8200730633334, 105.50333333333333
0.04, 33.604389727000004, 283.91836951, -285.29767128333333, 136.32333333333335
0.05, 40.81516598300001, 286.64835383, -284.65097177, 165.29333333333332
0.060000000000000005, 47.582939317000005, 289.37833815, -283.88905599000003, 192.46
0.06999999999999999, 53.91665991600001, 292.10832248, -283.02108254333336, 217.84
0.08, 59.826028172, 294.8383068, -282.0529468633333, 241.47666666666666
0.09, 65.330537036, 297.56829112, -280.99439914000004, 263.43666666666667
0.09999999999999999, 70.42778637100001, 300.29827544, -279.8486642333333, 283.71000000000004
0.11, 75.129390207, 303.02825977, -278.6229477266666, 302.3333333333333
0.12, 79.443802832, 305.75824409, -277.32129553333334, 319.3333333333333
0.13, 83.387995939, 308.48822841, -275.95252457, 334.77333333333337
0.14, 86.96811573600002, 311.21821273, -274.51935299333337, 348.66
0.15000000000000002, 90.202047247, 313.94819705, -273.02938898, 361.07
0.16, 93.096083801, 316.67818138, -271.48582977666666, 372.0233333333333
0.17, 95.666797384, 319.4081657, -269.89364471333334, 381.56666666666666
0.18000000000000002, 97.92379232900001, 322.13815002, -268.25734139666673, 389.73333333333335
0.19, 99.880343767, 324.86813434, -266.58119228666664, 396.55333333333334
0.2, 101.551469913, 327.59811867, -264.87154079333334, 402.10999999999996
0.21000000000000002, 102.95302362800001, 330.32810299, -263.1303865966666, 406.44
0.22, 104.09266944500001, 333.05808731, -261.36100252666665, 409.55
0.23, 104.97964126400001, 335.78807163, -259.56615060333337, 411.45666666666665
0.24000000000000002, 105.62883485, 338.51805595, -257.75148497333333, 412.17333333333335
0.25, 106.042383308, 341.24804028, -255.91869343, 411.7666666666667
0.26, 106.22750481700001, 343.9780246, -254.07079943333335, 410.1966666666667
0.27, 106.18029997100001, 346.70800892000005, -252.21087789333333, 407.41333333333336
0.28, 105.89242844600001, 349.43799324, -250.34067156666666, 403.3066666666667
0.29000000000000004, 105.352800379, 352.16797757, -248.46488178333334, 397.7966666666666
0.3, 104.54472689100001, 354.89796189, -247.01177365333334, 406.42333333333335

