Component: Tensile_biaxial
Strain, Stress, Mean Volume, Mean Energy, Mean External Pressure 
0.0, 0.0, 0.0, 0.0 0.0 
0.01, 5.0464477215, 342.00424738, -285.5411160866667, 36.02
0.02, 8.363161535000001, 348.81013526, -285.25753707666667, 63.193333333333335
0.03, 11.414389551500001, 355.68307622, -284.8279835166666, 88.24666666666667
0.04, 14.2394785805, 362.62307026, -284.2660901433333, 111.34000000000002
0.05, 16.836564402500002, 369.63011738, -283.58127974666667, 132.54666666666665
0.060000000000000005, 19.2166188025, 376.7042175899999, -282.78325999333333, 151.96
0.06999999999999999, 21.3886691995, 383.84537087000007, -281.8797625033333, 169.65333333333334
0.08, 23.365751309500002, 391.05357725, -280.87932767, 185.72333333333336
0.09, 25.155061305000004, 398.3288367, -279.7895829733333, 200.24333333333334
0.09999999999999999, 26.760846309, 405.67114923, -278.61259370333335, 213.23666666666668
0.11, 28.195112370500006, 413.08051485000004, -277.35825615666664, 224.79666666666665
0.12, 29.4675611055, 420.55693355, -276.0320362, 234.99666666666667
0.13, 30.583992778500004, 428.10040534, -274.63792786999994, 243.87666666666667
0.14, 31.5541021915, 435.71093020000006, -273.18336560666665, 251.5233333333333
0.15000000000000002, 32.387644764, 443.38850815, -271.67126459, 257.9866666666666
0.16, 33.09103825850001, 451.13313918, -270.1076871066667, 263.33
0.17, 33.67055398, 458.94482329, -268.49658178, 267.6033333333333
0.18000000000000002, 34.135080950500004, 466.8235604899999, -266.8439627666667, 270.87000000000006
0.19, 34.490610198, 474.76935077, -265.1522286366667, 273.18666666666667
0.2, 34.7482993535, 482.78219413000005, -263.42605186333327, 274.6033333333333
0.21000000000000002, 34.9145227865, 490.86209057, -261.67083213333336, 275.1933333333333
0.22, 34.992366256, 499.0090401, -259.8870425333334, 274.9633333333333
0.23, 34.988710850500006, 507.22304271, -258.0796389033333, 273.97
0.24000000000000002, 34.9124811635, 515.5040984, -256.2531050233333, 272.28999999999996
0.25, 34.766054479000005, 523.85220717, -254.4081164733333, 269.8933333333333
0.26, 34.5538363125, 532.26736903, -252.54775255, 266.85333333333335

