Component: Tensile_z
Strain, Stress, Mean Volume, Mean Energy, Mean External Pressure 
0.0, 0.0, 0.0, 0.0 0.0 
0.01, 6.495839538, 338.61806672, -285.59736757666667, 36.70333333333333
0.02, 13.576758418, 341.97072084, -285.37456555666665, 65.13666666666667
0.03, 20.319587761, 345.32337497, -285.0140982566666, 91.98
0.04, 26.709957932, 348.67602909, -284.52459170333333, 117.23
0.05, 32.740565838, 352.02868322, -283.91060122666664, 140.85666666666665
0.060000000000000005, 38.404381509000004, 355.38133735, -283.17929481, 162.83666666666667
0.06999999999999999, 43.696131091000005, 358.7339914699999, -282.3372593333333, 183.18666666666664
0.08, 48.59939697, 362.08664560000005, -281.38879767000003, 201.84333333333333
0.09, 53.118535159000004, 365.43929972, -280.3394328433333, 218.80666666666664
0.09999999999999999, 57.192537613000006, 368.79195385, -279.19692612, 234.03333333333333
0.11, 60.82999988200001, 372.14460797, -277.9682825966667, 247.53666666666666
0.12, 64.012257366, 375.4972621, -276.66233558333334, 259.3033333333333
0.13, 66.704721262, 378.84991623, -275.28678268333334, 269.32666666666665
0.14, 68.884096177, 382.20257035000003, -273.8536916233333, 277.63
0.15000000000000002, 70.519037103, 385.55522447999994, -272.37118889, 284.2033333333334
0.16, 71.581352148, 388.9078786, -270.8503458866667, 289.0633333333333
0.17, 72.038405382, 392.26053273, -269.30320529333335, 292.2033333333333
0.18000000000000002, 71.833194965, 395.61318686, -267.73879751666664, 293.57666666666665
0.19, 70.955490827, 398.96584098, -266.4334658833333, 275.1166666666667
0.2, 69.162169997, 402.31849511, -264.97697806, 267.3533333333333
0.21000000000000002, 66.193718324, 405.67114923, -263.57249514, 255.5666666666667

