Component: Tensile_x
Strain, Stress, Mean Volume, Mean Energy, Mean External Pressure 
0.0, 0.0, 0.0, 0.0 0.0 
0.01, 2.9672700382924835, 106.38200652, -18.59345698, 0.13527726798425158
0.015, 4.645295376428652, 106.90865011, -18.593044273333334, 0.202350305922336
0.02, 6.275791526217088, 107.43529371, -18.588790463333332, 0.2669613375075343
0.03, 9.396212843575915, 108.4885809, -18.56985309, 0.3891300851804738
0.04, 12.333546578078431, 109.5418681, -18.538416576666666, 0.5024489181254715
0.05, 15.095218226057051, 110.59515529, -18.49608997, 0.6076497841771693
0.06, 17.68359798098991, 111.64844248000001, -18.443829309999998, 0.7048657647600477
0.07, 20.09948238710428, 112.70172968000001, -18.38264945, 0.794429563435307
0.08, 22.351228146060837, 113.75501687, -18.31340658, 0.8766738837641488
0.09000000000000001, 24.43701299321098, 114.80830406, -18.23670555, 0.9517318071710528
0.1, 26.36104298294518, 115.86159126, -18.15310941, 1.0196033336560189
0.11, 28.125276128953665, 116.91487845, -18.068305256666665, 1.0912011400264345
0.12000000000000001, 29.722821003968612, 117.96816564, -17.97334464, 1.1474945825816125
0.13, 31.157413009276294, 119.02145284, -17.87333494, 1.1975997388984556
0.13999999999999999, 32.42911336100117, 120.07474003, -17.768826873333335, 1.2413169868402427
0.15, 33.53527879455939, 121.12802721999999, -17.660280596666666, 1.2787128671192143
0.16, 34.47928876700147, 122.18131441999999, -17.54829388, 1.3099204611598507
0.16999999999999998, 35.258413729071194, 123.23460160999998, -17.433395356666665, 1.3348732282499118
0.18, 35.869209889495835, 124.2878888, -17.316040723333334, 1.3535711683893976
0.19, 36.311374874636215, 125.341176, -17.19685753, 1.3658146594415879
0.19999999999999998, 36.579825670093044, 126.39446319, -17.076382593333335, 1.371736782830962
0.21, 36.67246189166818, 127.44775038, -16.955181640000003, 1.371337538557521
0.22, 36.58501800356307, 128.50103758, -16.833921093333334, 1.3642842230600636
0.22999999999999998, 36.26595606357079, 129.55432477, -16.719222853333335, 1.3529723019792361
0.24, 35.77546970560287, 130.60761196, -16.600850226666665, 1.3323446811847859
0.25, 35.045140578255236, 131.66089916, -16.48446201, 1.3033994713603148

