Component: Tensile_y
Strain, Stress, Mean Volume, Mean Energy, Mean External Pressure 
0.0, 0.0, 0.0, 0.0 0.0 
0.01, 4.206581884, 106.38198424, -18.561808003333336, 0.10320000000000001
0.015, 5.934275482, 106.90862771999998, -18.548492230000004, 0.16913333333333333
0.02, 7.613513626, 107.43527121, -18.59936319666667, 0.26513333333333333
0.03, 10.823631952, 108.48855818, -18.5696241, 0.3887333333333334
0.04, 13.8343923, 109.54184516, -18.529553250000003, 0.5043333333333334
0.05, 16.64627018, 110.59513212999998, -18.48001259, 0.6120666666666668
0.06, 19.252586870000002, 111.6484191, -18.421470883333335, 0.7120000000000001
0.07, 21.643220556000003, 112.70170607, -18.354616543333332, 0.8039333333333334
0.08, 23.80586861, 113.75499305, -18.28045645, 0.8881333333333334
0.09000000000000001, 25.736429842000003, 114.80828002, -18.115309513333333, 0.9364666666666667
0.1, 27.332735964, 115.86156698999999, -18.112639363333333, 1.0309333333333333
0.11, 28.608545336, 116.91485396, -18.020856566666666, 1.0882666666666667
0.12000000000000001, 29.4990954, 117.96814094, -17.925396156666665, 1.1349333333333333
0.13, 30.003824354000002, 119.02142791, -17.827433036666665, 1.1698666666666668
0.13999999999999999, 30.220207364, 120.07471488, -17.72955617, 1.1934
0.15, 30.265800944000002, 121.12800184999999, -17.629086463333334, 1.2084000000000001
0.16, 30.354765880000002, 122.18128883000001, -17.530167316666667, 1.2208666666666668
0.16999999999999998, 30.50586252, 123.2345758, -17.431213746666668, 1.2333333333333334
0.18, 30.697349975999998, 124.28786277, -17.330917466666666, 1.2444666666666668
0.19, 30.781876422, 125.34114974, -17.230479263333333, 1.2474
0.19999999999999998, 30.770291334000003, 126.39443672, -17.12959753333333, 1.2467333333333332
0.21, 30.613478268, 127.44772369000002, -17.028930770000002, 1.2397333333333334
0.22, 30.242748654000003, 128.50101066, -16.928990186666667, 1.2250666666666667
0.22999999999999998, 29.623209878, 129.55429764, -16.831035619999998, 1.1972000000000003

