Component: Tensile_biaxial
Strain, Stress, Mean Volume, Mean Energy, Mean External Pressure 
0.0, 0.0, 0.0, 0.0 0.0 
0.01, 3.925069558, 107.44580408, -18.60814496, 0.2654
0.015, 5.809145164, 108.51225714000002, -18.59255544, 0.39080000000000004
0.02, 7.596467420000001, 109.58397663, -18.57076459, 0.51
0.03, 10.895273032, 111.74321492999998, -18.50935541, 0.7298
0.04, 13.855397611999999, 113.92351895999998, -18.42590434, 0.927
0.05, 16.511635176, 116.12488873, -18.32253235, 1.1038000000000001
0.06, 18.883832132000002, 118.34732425, -18.20049432, 1.2618
0.07, 20.996861940000002, 120.5908255, -18.06156333, 1.4026
0.08, 22.871758438, 122.85539249, -17.90718826, 1.5274
0.09000000000000001, 24.52716338, 125.14102522, -17.7387307, 1.6378000000000001
0.1, 25.979765134000004, 127.44772369000002, -17.55751836, 1.7344000000000002
0.11, 27.245607172000003, 129.7754879, -17.36476938, 1.8188
0.12000000000000001, 28.337573796, 132.12431785, -17.16153206, 1.8914
0.13, 29.269672404, 134.49421354, -16.94900659, 1.9534
0.13999999999999999, 30.052672082, 136.88517496, -16.72804833, 2.0056000000000003
0.15, 30.70002325, 139.29720213, -16.49985506, 2.0486
0.16, 31.220649528000003, 141.73029504, -16.26518045, 2.0832
0.16999999999999998, 31.624041608, 144.18445369, -16.02489399, 2.1100000000000003
0.18, 31.919649878, 146.65967807, -15.77986942, 2.1298
0.19, 32.114198672, 149.1559682, -15.5307862, 2.1426
0.19999999999999998, 32.215180494, 151.67332406, -15.27844966, 2.1492
0.21, 32.229012404, 154.21174566, -15.02355595, 2.1502000000000003
0.22, 32.16114556, 156.77123301, -14.76672829, 2.1456
0.22999999999999998, 32.016063554, 159.35178609, -14.50864958, 2.1358
0.24, 31.798001518000003, 161.95340491, -14.24992668, 2.1212
0.25, 31.512211226, 164.57608948, -13.99118517, 2.1022

