Component: Tensile_x
Strain, Stress, Mean Volume, Mean Energy, Mean External Pressure 
0.0, 0.0, 0.0, 0.0 0.0 
0.01, 15.327291681, 23.156139979999995, -36.319148813333335, 6.440333333333332
0.015, 20.674310238000004, 23.27077434, -36.30681216333333, 8.385666666666667
0.02, 25.838958641, 23.385408690000002, -36.29051537, 10.263
0.03, 35.675868291, 23.61467741, -36.24713919333334, 13.837666666666667
0.04, 44.849420627, 23.84394612, -36.189766639999995, 17.162
0.05, 53.389468139, 24.07321483, -36.119630556666664, 20.252333333333333
0.06, 61.322998836000004, 24.30248355, -36.03767392, 23.11866666666667
0.07, 68.6721904, 24.53175226, -35.94462474666667, 25.764000000000003
0.08, 75.461789792, 24.76102097, -35.84135560666667, 28.19766666666667
0.09000000000000001, 81.71651004200001, 24.99028968, -35.728582949999996, 30.428666666666665
0.1, 87.428108675, 25.2195584, -35.61589218666666, 32.56166666666667
0.11, 92.646211736, 25.44882711, -35.48741116, 34.42333333333333
0.12000000000000001, 97.388716614, 25.67809582, -35.351992126666666, 36.11300000000001
0.13, 101.673917719, 25.90736453, -35.210137116666665, 37.63099999999999
0.13999999999999999, 105.51759825700002, 26.13663325, -35.06242446666667, 38.985
0.15, 108.938134159, 26.36590196, -34.90948519, 40.182
0.16, 111.951133289, 26.59517067, -34.75179585, 41.22633333333333
0.16999999999999998, 114.577870053, 26.82443939, -34.58998255, 42.128
0.18, 116.835991049, 27.053708100000005, -34.42479418666667, 42.894666666666666
0.19, 118.75047752200001, 27.282976809999997, -34.25658355000001, 43.53233333333333
0.19999999999999998, 120.312306726, 27.512245520000004, -34.08578879666666, 44.04066666666667
0.21, 121.546584971, 27.74151424, -33.912997260000004, 44.42933333333333
0.22, 122.46755085100001, 27.97078295, -33.73869383, 44.70333333333333
0.22999999999999998, 123.081099236, 28.20005166, -33.563267689999996, 44.863666666666674
0.24, 123.35095379700002, 28.42932037, -33.389277850000006, 44.96933333333333
0.25, 123.338869466, 28.658589090000003, -33.21330879333333, 44.91333333333334
0.26, 123.036245365, 28.887857799999995, -33.037580139999996, 44.74766666666667
0.27, 122.42967470200001, 29.117126510000002, -32.862431539999996, 44.46966666666667
0.28, 121.501520654, 29.34639522, -32.688445343333335, 44.074333333333335

