Component: Tensile_y
Strain, Stress, Mean Volume, Mean Energy, Mean External Pressure 
0.0, 0.0, 0.0, 0.0 0.0 
0.01, 13.639650463999999, 23.156139979999995, -36.32140989333333, 6.466000000000001
0.015, 19.051227524, 23.27077434, -36.31012164333333, 8.418333333333333
0.02, 24.302487363, 23.385408690000002, -36.295163980000005, 10.309999999999999
0.03, 34.302978336, 23.61467741, -36.253840669999995, 13.888333333333332
0.04, 43.661214382, 23.84394612, -36.198580893333336, 17.209
0.05, 52.38787397600001, 24.07321483, -36.13031685, 20.28033333333333
0.06, 60.424810538, 24.30248355, -36.054693013333335, 23.150666666666666
0.07, 67.81455816200001, 24.53175226, -35.963497063333335, 25.733999999999998
0.08, 74.536524847, 24.76102097, -35.862273, 28.07266666666667
0.09000000000000001, 80.56241372, 24.99028968, -35.75173082, 30.154333333333334
0.1, 85.866034053, 25.2195584, -35.63293845, 31.97266666666667
0.11, 90.414851502, 25.44882711, -35.50685819666666, 33.518
0.12000000000000001, 94.0540979, 25.67809582, -35.37652598666667, 34.769
0.13, 96.74151785000001, 25.90736453, -35.24050255666666, 35.70733333333333
0.13999999999999999, 98.249096796, 26.13663325, -35.10141164666667, 36.267
0.15, 98.098556621, 26.36590196, -34.961419479999996, 36.329
0.16, 94.568338708, 26.59517067, -34.82345639333334, 35.532

