Component: Tensile_biaxial
Strain, Stress, Mean Volume, Mean Energy, Mean External Pressure 
0.0, 0.0, 0.0, 0.0 0.0 
0.01, 15.002666220000002, 23.38770138, -36.30777316, 10.414666666666665
0.015, 20.469729796, 23.61983595, -36.2828898, 14.145000000000001
0.02, 25.674328850000002, 23.853116869999997, -36.25012220666667, 17.69466666666667
0.03, 35.32271831, 24.323117729999996, -36.16179428, 24.262333333333334
0.04, 44.006039058, 24.79770397, -36.04494641666667, 30.150666666666666
0.05, 51.79279451600001, 25.27687557, -35.90191927666667, 35.409
0.06, 58.749336048, 25.76063256, -35.735157683333334, 40.09166666666667
0.07, 64.944137345, 26.24897492, -35.54605225666666, 44.22566666666667
0.08, 70.433079418, 26.74190265, -35.336957516666665, 47.856
0.09000000000000001, 75.263112825, 27.23941576, -35.10938668666666, 51.016000000000005
0.1, 79.479703626, 27.74151424, -34.86493098666667, 53.73766666666667
0.11, 83.131846358, 28.24819809, -34.60528669666667, 56.057
0.12000000000000001, 86.26098172600001, 28.75946732, -34.33198542, 58.00500000000001
0.13, 88.90643106600001, 29.27532192, -34.046598493333335, 59.609
0.13999999999999999, 91.10919840700001, 29.7957619, -33.75033457333333, 60.89866666666667
0.15, 92.896446849, 30.32078725, -33.44441097666667, 61.89466666666667
0.16, 94.297122293, 30.85039798, -33.130026853333334, 62.61966666666666
0.16999999999999998, 95.3455811, 31.38459408, -32.80854591333334, 63.099000000000004
0.18, 96.061124453, 31.92337556, -32.48089114666667, 63.34733333333334
0.19, 96.47436347000001, 32.4667424, -32.14834288666666, 63.388666666666666
0.19999999999999998, 96.60393494600001, 33.01469463, -31.811743886666665, 63.23733333333333
0.21, 96.47013958600002, 33.56723223, -31.472131926666663, 62.909000000000006
0.22, 96.08983311700001, 34.1243552, -31.130272583333333, 62.416666666666664
0.22999999999999998, 95.48424785200001, 34.68606354, -30.78731146, 61.77833333333333
0.24, 94.65951783000001, 35.25235726, -30.443912986666664, 61.001999999999995

