❤❤❤❤❤❤❤❤❤❤❤❤❤❤❤❤❤❤❤❤❤❤❤❤❤❤❤❤❤❤❤❤❤❤❤❤❤❤❤❤❤❤❤❤❤❤❤❤❤❤❤❤❤❤❤❤❤❤❤❤❤❤❤❤❤❤❤❤❤❤❤❤
❤                            Results for Tensile_x                     ❤
❤                                    using                             ❤
❤                             SMATool Version: 1.0                     ❤
❤                       VASP code is used as a calculator              ❤
❤                          to perform DFT simulations                  ❤
❤                Calculations started at 16:20:06 on 2024-04-27        ❤
❤❤❤❤❤❤❤❤❤❤❤❤❤❤❤❤❤❤❤❤❤❤❤❤❤❤❤❤❤❤❤❤❤❤❤❤❤❤❤❤❤❤❤❤❤❤❤❤❤❤❤❤❤❤❤❤❤❤❤❤❤❤❤❤❤❤❤❤❤❤❤❤
+-====================================================================-+
|                    This is a 3D lattice                              |
+-====================================================================-+
                             Ultimate strain (ε) = 0.240                             
                        Ultimate strength (σ_s) = 123.351 GPa                        
                          Yield Strength (σ_y) = 81.717 GPa                          
                             Stiffness (E) = 922.204 GPa                             
                             Thickness of material = None                            
                            Resilience (U_r) = 3.677 J/m^3                           
                            Toughness (U_r) = 25.507 J/m^3                           
                      Energy storage capacity (E_c) = 3.701 MJ/L                     
                    Energy storage capacity (E_c) = 295.405 Wh/Kg                    
                              Ductility (%D) = 24.000 %                              
                          Ductility Index (%DI) = 166.667 %                          
+------------------------------------------------------------------------------+
|                                 * CITATIONS *                                |
| ---------------------------------------------------------------------------- |
|           If you have used SMATool in your research, PLEASE cite:            |
|                                                                              |
|              SMATool: Strength of materials analysis toolkit,                |
|                                 C.E. Ekuma,                                  |
|               Computer Physics Communications xxx, xxx, (2024)               |
|                                                                              |
|                                                                              |
|        Material strength analyzer: Python-based computational toolkit        |
|          for tensile and indent strength of materials, C.E. Ekuma,           |
|                        www.github.com/gmp007/smatool                         |
+------------------------------------------------------------------------------+
❤❤❤❤❤❤❤❤❤❤❤❤❤❤❤❤❤❤❤❤❤❤❤❤❤❤❤❤❤❤❤❤❤❤❤❤❤❤❤❤❤❤❤❤❤❤❤❤❤❤❤❤❤❤❤❤❤❤❤❤❤❤❤❤❤❤❤❤❤❤❤❤
❤                            Results for Tensile_y                     ❤
❤                                    using                             ❤
❤                             SMATool Version: 1.0                     ❤
❤                       VASP code is used as a calculator              ❤
❤                          to perform DFT simulations                  ❤
❤                Calculations started at 16:20:06 on 2024-04-27        ❤
❤❤❤❤❤❤❤❤❤❤❤❤❤❤❤❤❤❤❤❤❤❤❤❤❤❤❤❤❤❤❤❤❤❤❤❤❤❤❤❤❤❤❤❤❤❤❤❤❤❤❤❤❤❤❤❤❤❤❤❤❤❤❤❤❤❤❤❤❤❤❤❤
+-====================================================================-+
|                    This is a 3D lattice                              |
+-====================================================================-+
                             Ultimate strain (ε) = 0.140                             
                         Ultimate strength (σ_s) = 98.249 GPa                        
                          Yield Strength (σ_y) = 74.537 GPa                          
                             Stiffness (E) = 969.387 GPa                             
                             Thickness of material = None                            
                            Resilience (U_r) = 2.981 J/m^3                           
                            Toughness (U_r) = 10.556 J/m^3                           
                      Energy storage capacity (E_c) = 1.719 MJ/L                     
                    Energy storage capacity (E_c) = 137.253 Wh/Kg                    
                              Ductility (%D) = 14.000 %                              
                           Ductility Index (%DI) = 75.000 %                          
+------------------------------------------------------------------------------+
|                                 * CITATIONS *                                |
| ---------------------------------------------------------------------------- |
|           If you have used SMATool in your research, PLEASE cite:            |
|                                                                              |
|              SMATool: Strength of materials analysis toolkit,                |
|                                 C.E. Ekuma,                                  |
|               Computer Physics Communications xxx, xxx, (2024)               |
|                                                                              |
|                                                                              |
|        Material strength analyzer: Python-based computational toolkit        |
|          for tensile and indent strength of materials, C.E. Ekuma,           |
|                        www.github.com/gmp007/smatool                         |
+------------------------------------------------------------------------------+
❤❤❤❤❤❤❤❤❤❤❤❤❤❤❤❤❤❤❤❤❤❤❤❤❤❤❤❤❤❤❤❤❤❤❤❤❤❤❤❤❤❤❤❤❤❤❤❤❤❤❤❤❤❤❤❤❤❤❤❤❤❤❤❤❤❤❤❤❤❤❤❤
❤                         Results for Tensile_biaxial                  ❤
❤                                    using                             ❤
❤                             SMATool Version: 1.0                     ❤
❤                       VASP code is used as a calculator              ❤
❤                          to perform DFT simulations                  ❤
❤                Calculations started at 16:20:06 on 2024-04-27        ❤
❤❤❤❤❤❤❤❤❤❤❤❤❤❤❤❤❤❤❤❤❤❤❤❤❤❤❤❤❤❤❤❤❤❤❤❤❤❤❤❤❤❤❤❤❤❤❤❤❤❤❤❤❤❤❤❤❤❤❤❤❤❤❤❤❤❤❤❤❤❤❤❤
+-====================================================================-+
|                    This is a 3D lattice                              |
+-====================================================================-+
                             Ultimate strain (ε) = 0.200                             
                         Ultimate strength (σ_s) = 96.604 GPa                        
                          Yield Strength (σ_y) = 70.433 GPa                          
                             Stiffness (E) = 920.206 GPa                             
                             Thickness of material = None                            
                            Resilience (U_r) = 2.817 J/m^3                           
                            Toughness (U_r) = 17.697 J/m^3                           
                      Energy storage capacity (E_c) = 2.415 MJ/L                     
                    Energy storage capacity (E_c) = 192.792 Wh/Kg                    
                              Ductility (%D) = 20.000 %                              
                          Ductility Index (%DI) = 150.000 %                          
+------------------------------------------------------------------------------+
|                                 * CITATIONS *                                |
| ---------------------------------------------------------------------------- |
|           If you have used SMATool in your research, PLEASE cite:            |
|                                                                              |
|              SMATool: Strength of materials analysis toolkit,                |
|                                 C.E. Ekuma,                                  |
|               Computer Physics Communications xxx, xxx, (2024)               |
|                                                                              |
|                                                                              |
|        Material strength analyzer: Python-based computational toolkit        |
|          for tensile and indent strength of materials, C.E. Ekuma,           |
|                        www.github.com/gmp007/smatool                         |
+------------------------------------------------------------------------------+
❤❤❤❤❤❤❤❤❤❤❤❤❤❤❤❤❤❤❤❤❤❤❤❤❤❤❤❤❤❤❤❤❤❤❤❤❤❤❤❤❤❤❤❤❤❤❤❤❤❤❤❤❤❤❤❤❤❤❤❤❤❤❤❤❤❤❤❤❤❤❤❤
❤                              Results for Shear                       ❤
❤                                    using                             ❤
❤                             SMATool Version: 1.0                     ❤
❤                       VASP code is used as a calculator              ❤
❤                          to perform DFT simulations                  ❤
❤                Calculations started at 16:20:07 on 2024-04-27        ❤
❤❤❤❤❤❤❤❤❤❤❤❤❤❤❤❤❤❤❤❤❤❤❤❤❤❤❤❤❤❤❤❤❤❤❤❤❤❤❤❤❤❤❤❤❤❤❤❤❤❤❤❤❤❤❤❤❤❤❤❤❤❤❤❤❤❤❤❤❤❤❤❤
+-====================================================================-+
|                    This is a 3D lattice                              |
+-====================================================================-+
                             Ultimate strain (ε) = 0.170                             
                        Ultimate strength (σ_s) = 117.567 GPa                        
                          Yield Strength (σ_y) = 70.409 GPa                          
                             Stiffness (E) = 903.916 GPa                             
                             Thickness of material = None                            
                            Resilience (U_r) = 2.816 J/m^3                           
                            Toughness (U_r) = 14.032 J/m^3                           
                      Energy storage capacity (E_c) = 2.498 MJ/L                     
                    Energy storage capacity (E_c) = 199.434 Wh/Kg                    
                              Ductility (%D) = 17.000 %                              
                          Ductility Index (%DI) = 112.500 %                          
+------------------------------------------------------------------------------+
|                                 * CITATIONS *                                |
| ---------------------------------------------------------------------------- |
|           If you have used SMATool in your research, PLEASE cite:            |
|                                                                              |
|              SMATool: Strength of materials analysis toolkit,                |
|                                 C.E. Ekuma,                                  |
|               Computer Physics Communications xxx, xxx, (2024)               |
|                                                                              |
|                                                                              |
|        Material strength analyzer: Python-based computational toolkit        |
|          for tensile and indent strength of materials, C.E. Ekuma,           |
|                        www.github.com/gmp007/smatool                         |
+------------------------------------------------------------------------------+
❤❤❤❤❤❤❤❤❤❤❤❤❤❤❤❤❤❤❤❤❤❤❤❤❤❤❤❤❤❤❤❤❤❤❤❤❤❤❤❤❤❤❤❤❤❤❤❤❤❤❤❤❤❤❤❤❤❤❤❤❤❤❤❤❤❤❤❤❤❤❤❤
❤                         Results for indent_strength                  ❤
❤                                    using                             ❤
❤                             SMATool Version: 1.0                     ❤
❤                       VASP code is used as a calculator              ❤
❤                          to perform DFT simulations                  ❤
❤                Calculations started at 16:20:07 on 2024-04-27        ❤
❤❤❤❤❤❤❤❤❤❤❤❤❤❤❤❤❤❤❤❤❤❤❤❤❤❤❤❤❤❤❤❤❤❤❤❤❤❤❤❤❤❤❤❤❤❤❤❤❤❤❤❤❤❤❤❤❤❤❤❤❤❤❤❤❤❤❤❤❤❤❤❤
+-====================================================================-+
|                    This is a 3D lattice                              |
+-====================================================================-+
                             Ultimate strain (ε) = 0.340                             
                        Ultimate strength (σ_s) = 120.868 GPa                        
                          Yield Strength (σ_y) = 54.457 GPa                          
                             Stiffness (E) = 461.013 GPa                             
                             Thickness of material = None                            
                            Resilience (U_r) = 3.267 J/m^3                           
                            Toughness (U_r) = 28.761 J/m^3                           
                      Energy storage capacity (E_c) = 5.137 MJ/L                     
                    Energy storage capacity (E_c) = 410.065 Wh/Kg                    
                              Ductility (%D) = 34.000 %                              
                          Ductility Index (%DI) = 183.333 %                          
+------------------------------------------------------------------------------+
|                                 * CITATIONS *                                |
| ---------------------------------------------------------------------------- |
|           If you have used SMATool in your research, PLEASE cite:            |
|                                                                              |
|              SMATool: Strength of materials analysis toolkit,                |
|                                 C.E. Ekuma,                                  |
|               Computer Physics Communications xxx, xxx, (2024)               |
|                                                                              |
|                                                                              |
|        Material strength analyzer: Python-based computational toolkit        |
|          for tensile and indent strength of materials, C.E. Ekuma,           |
|                        www.github.com/gmp007/smatool                         |
+------------------------------------------------------------------------------+
