Component: Tensile_x
Strain, Stress, Mean Volume, Mean Energy, Mean External Pressure, Mean Temp 
0.0, 0.0, 0.0, 0.0, 0.0 
0.01, 0.24364086885688224, 425.52799489, -74.18456658000001,  -0.017454422507689197, 308.8053333333333
0.015, 2.1704782669657465, 427.63456913, -74.25656324666666,  0.045421933475608176, 265.9866666666667
0.02, 3.62089744626158, 429.74114336, -74.08162997,  0.10668089123425484, 271.4533333333333
0.03, 6.898814271933769, 433.95429182, -74.12194915333333,  0.2285248908246103, 282.288
0.04, 9.791518184105312, 438.16744029, -73.98250057333333,  0.3670820054030233, 316.765
0.05, 12.615648327434505, 442.38058875, -73.74071928666666,  0.4514562794556367, 282.43233333333336
0.06, 15.218616479962375, 446.5937372199999, -73.54848196333334,  0.5565197724652409, 284.976
0.07, 17.694794470022746, 450.80688568, -73.34451727333334,  0.6436571018182994, 310.11133333333333
0.08, 20.0221756382107, 455.02003414, -73.31024567,  0.7623336965520472, 301.5696666666667
0.09000000000000001, 22.010987209708116, 459.23318261000003, -72.95455438333333,  0.8545927869498329, 274.11633333333333
0.1, 24.196009866135803, 463.44633107, -72.65410456333332,  0.9171995765623552, 310.9103333333333
0.11, 25.901703342498745, 467.65947953999995, -72.28855583,  0.9608019370352312, 299.44966666666664
0.12000000000000001, 27.52299092087559, 471.872628, -71.88226995666668,  0.948267100794188, 308.69100000000003
0.13, 29.29385216619374, 476.08577647, -71.56213434,  1.1405353147495443, 300.30133333333333
0.13999999999999999, 30.40330162220327, 480.29892493000006, -71.01425973,  1.1596745270745776, 274.63366666666667
0.15, 31.491561999660377, 484.51207339, -70.68301586666666,  1.1944485889045688, 307.308
0.16, 32.634913478566126, 488.72522186, -70.31746713,  1.2587401683344355, 298.2733333333333
0.16999999999999998, 33.72179189758169, 492.93837031999993, -69.83683901,  1.2224834914651816, 300.89366666666666
0.18, 34.55725132276178, 497.15151879, -69.57425019333333,  1.3663645418664032, 309.175
0.19, 35.39557499923426, 501.3646672500001, -68.95619761333333,  1.2976251173187472, 307.13966666666664
0.19999999999999998, 36.23617823116028, 505.57781572, -68.54892846666667,  1.2898750841589621, 299.9123333333334
0.21, 36.68130500461295, 509.79096418, -67.97783602,  1.401138603696394, 313.3546666666667
0.22, 37.1178907913558, 514.00411264, -67.60163054000002,  1.4210865151337533, 301.67766666666665
0.22999999999999998, 37.03114190674407, 518.21726111, -67.02652200666667,  1.401205995289088, 283.10400000000004
0.24, 37.6256134908693, 522.43040957, -66.50471824333333,  1.4419779088688252, 286.016
0.25, 37.20894461522631, 526.64355804, -66.01500619666666,  1.3689928139814607, 321.36533333333335
0.26, 37.54556976431191, 530.8567065, -65.49766857333334,  1.5036412161836346, 266.702
0.27, 37.32015858028345, 535.06985497, -64.93068269999999,  1.4172451943502078, 314.782
0.28, 37.59211907151612, 539.28300343, -64.45713395666667,  1.4911737715352849, 317.10966666666667
0.29000000000000004, 37.018106258184574, 543.49615189, -64.08395277666666,  1.452490997329055, 302.7833333333333
0.30000000000000004, 36.86526335256562, 547.70930036, -63.45177606666667,  1.24634011527878, 287.05733333333336
0.31, 36.937294791960355, 551.92244882, -63.165554773333334,  1.2878533363781486, 274.3353333333333

