Component: Shear
Strain, Stress, Mean Volume, Mean Energy, Mean External Pressure 
0.0, 0.0, 0.0, 0.0 0.0 
0.01, 9.1134122355, 22.926871270000003, -37.06661100666667, 5.571666666666667
0.015, 13.655448017500001, 22.926871270000003, -37.05030836666666, 5.502666666666666
0.02, 18.175161507000002, 22.926871270000003, -37.027841143333326, 5.412333333333334
0.03, 27.1398946475, 22.926871270000003, -36.963118913333325, 5.132333333333333
0.04, 35.94870722, 22.926871270000003, -36.87355813, 4.753
0.05, 44.54408929900001, 22.926871270000003, -36.75910923666667, 4.254333333333333
0.06, 52.86920875850001, 22.926871270000003, -36.62058532333333, 3.629
0.07, 60.855294251000004, 22.926871270000003, -36.45881425333333, 2.8760000000000003
0.08, 68.42362346899999, 22.926871270000003, -36.27490314333333, 1.986
0.09000000000000001, 75.49544489150001, 22.926871270000003, -36.07000842666667, 0.9523333333333334
0.1, 81.980152418, 22.926871270000003, -35.845759873333336, -0.23133333333333334
0.11, 87.75245753500002, 22.926871270000003, -35.607616693333334, -1.5756666666666668
0.12000000000000001, 92.6872439745, 22.926871270000003, -35.35211686333333, -3.1416666666666666
0.13, 96.61173263650001, 22.926871270000003, -35.083947143333326, -4.953333333333333
0.13999999999999999, 99.2860041345, 22.926871270000003, -34.80672538333334, -7.071666666666665
0.15, 100.323892696, 22.926871270000003, -34.52419449, -9.631
0.16, 99.022802149, 22.926871270000003, -34.24113685999999, -12.928666666666667
0.16999999999999998, 93.5791052545, 22.926871270000003, -33.965718259999996, -17.774

