Component: Tensile_x
Strain, Stress, Mean Volume, Mean Energy, Mean External Pressure 
0.0, 0.0, 0.0, 0.0 0.0 
0.01, 20.064766610000003, 22.89508979, -37.063036196666665, 4.902666666666667
0.015, 25.283399604, 23.00843182, -37.04804927333333, 6.880666666666666
0.02, 30.36392095, 23.12177385, -37.02921043333333, 8.798
0.03, 40.115810291, 23.348457909999997, -36.980665280000004, 12.463999999999999
0.04, 49.364834207, 23.57514196, -36.918753450000004, 15.921333333333333
0.05, 58.087966918999996, 23.801826020000004, -36.843395140000005, 19.148333333333333
0.06, 66.31150632600001, 24.02851008, -36.75609520333334, 22.162333333333333
0.07, 74.03662177400001, 24.25519414, -36.65755169, 24.97533333333333
0.08, 81.26571693800001, 24.48187819, -36.54836070333334, 27.587000000000007
0.09000000000000001, 88.00801183800002, 24.70856225, -36.42900284, 29.994666666666667
0.1, 94.299971435, 24.93524631, -36.30056287666667, 32.220333333333336
0.11, 100.13517207800001, 25.16193036, -36.16356068666666, 34.255
0.12000000000000001, 105.527259179, 25.38861442, -36.01860184333333, 36.11133333333333
0.13, 110.48175022200002, 25.615298479999996, -35.86604785666667, 37.78733333333333
0.13999999999999999, 115.03875919699999, 25.84198254, -35.70711696, 39.311666666666675
0.15, 119.176205747, 26.068666590000003, -35.54148873333333, 40.664
0.16, 122.92913772700001, 26.29535065, -35.370367316666666, 41.870999999999995
0.16999999999999998, 126.274541091, 26.52203471, -35.1961549, 42.957
0.18, 129.26042439900002, 26.74871877, -35.01601786333333, 43.89
0.19, 131.87548619100002, 26.97540282, -34.831775136666664, 44.68366666666667
0.19999999999999998, 134.13218073800002, 27.20208688, -34.64388038333333, 45.34166666666667
0.21, 136.04363839200002, 27.428770940000003, -34.4531437, 45.876333333333335
0.22, 137.628311958, 27.655455, -34.26020285333333, 46.29966666666667
0.22999999999999998, 138.880980268, 27.882139049999996, -34.065010980000004, 46.599333333333334
0.24, 139.804123343, 28.10882311, -33.86820712, 46.78633333333333
0.25, 140.41288135, 28.33550717, -33.670211003333335, 46.86266666666666
0.26, 140.708098516, 28.56219123, -33.471527880000004, 46.833
0.27, 140.70746145400003, 28.78887528, -33.27273485333333, 46.70533333333333
0.28, 140.37984070000002, 29.01555934, -33.07400065666666, 46.46933333333333
0.29000000000000004, 139.727078212, 29.242243399999996, -32.87592058333334, 46.12766666666666
0.30000000000000004, 138.752885075, 29.46892745, -32.67912287666667, 45.68833333333334

