Component: ideal_strength
Strain, Stress, Mean Volume, Mean Energy, Mean External Pressure 
0.0, 0.0, 0.0, 0.0 0.0 
0.01, 8.894022632, 47.67427726, -69.79142166333334, 0.322
0.015, 13.3426563935, 47.67427726, -69.75826342, 0.16266666666666668
0.02, 17.774673194000002, 47.67427726, -69.71173578999999, -0.063
0.03, 26.6675042255, 47.67427726, -69.57899579000001, -0.7026666666666667
0.04, 35.567031679, 47.67427726, -69.39303320333333, -1.5939999999999999
0.05, 44.488422242000006, 47.67427726, -69.15376094, -2.7373333333333334
0.06, 53.4120119305, 47.67427726, -68.86157654, -4.1259999999999994
0.07, 62.35220693849999, 47.67427726, -68.51574474333334, -5.7620000000000005
0.08, 71.308234621, 47.67427726, -68.11656587666666, -7.636666666666668
0.09000000000000001, 80.2827135505, 47.67427726, -67.66378696666666, -9.747666666666667
0.1, 89.27885094700001, 47.67427726, -67.15735116333333, -12.094
0.11, 98.2910515365, 47.67427726, -66.59716945333334, -14.661666666666667
0.12000000000000001, 107.322541736, 47.67427726, -65.98285635, -17.45
0.13, 116.371469388, 47.67427726, -65.31461310333333, -20.445333333333334
0.13999999999999999, 125.43224430350001, 47.67427726, -64.59198611, -23.642666666666663
0.15, 134.4994920555, 47.67427726, -63.81512802666666, -27.031333333333333
0.16, 143.552640423, 47.67427726, -62.983727816666665, -30.59166666666667
0.16999999999999998, 152.5705887645, 47.67427726, -62.15150624, -35.295
0.18, 159.442452526, 47.67427726, -61.22564222333333, -37.434999999999995
0.19, 162.12378330850004, 47.67427726, -60.23381416666667, -39.56566666666667
0.19999999999999998, 160.585765568, 47.67427726, -59.29185721666667, -34.54166666666667
0.21, 168.91408938100003, 47.67427726, -58.35833409666666, -41.23933333333333
0.22, 176.946750516, 47.67427726, -57.33980274333334, -44.66366666666667
0.22999999999999998, 183.68375249550002, 47.67427726, -56.27180944333333, -49.714333333333336
0.24, 162.42889182800002, 47.67427726, -55.10905587333334, -32.56066666666667
0.25, 143.640130717, 47.67427726, -54.39579004666666, -36.524
0.26, 136.68029172500002, 47.67427726, -53.58054519, -36.583999999999996
0.27, 138.0720832785, 47.67427726, -52.758688533333334, -37.36366666666666
0.28, 135.79158761, 47.67427726, -51.94750197333334, -38.32233333333333
0.29000000000000004, 133.871551366, 47.67427726, -51.13541428333334, -39.45433333333334
0.30000000000000004, 123.135503277, 47.67427726, -50.36653750333334, -40.062
0.31, 107.3424068675, 47.67427726, -49.678580579999995, -39.468666666666664

