Component: Tensile_biaxial
Strain, Stress, Mean Volume, Mean Energy, Mean Pressure 
0.0, 0.0, 0.0, 0.0 0.0 
0.01, 9.555452963, 48.63253024, -69.79054427, 75.96
0.02, 17.943598152000003, 49.60031806, -69.7098479, 141.68
0.03, 25.652802532, 50.57764075, -69.5791182, 201.96
0.04, 32.73631579, 51.564498289999996, -69.40144934, 257.23
0.05, 39.229512332000006, 52.56089068, -69.17966036, 307.79
0.060000000000000005, 45.17362734700001, 53.56681792999999, -68.91711845, 353.96
0.06999999999999999, 50.603996847000005, 54.58228004, -68.61555493, 396.03
0.08, 55.56128883600001, 55.607277, -68.27838281, 434.32
0.09, 60.066985905, 56.64180882, -67.90698042, 469.01
0.09999999999999999, 64.15882860100001, 57.68587549, -67.50443656, 500.41
0.11, 67.860795013, 58.73947702, -67.07265978, 528.7
0.12, 71.190778458, 59.802613400000006, -66.61334738, 554.03
0.13, 74.182498636, 60.87528464, -66.12890369, 576.67
0.14, 76.861719347, 61.957490729999996, -65.62107782, 596.85
0.15000000000000002, 79.238018417, 63.04923168, -65.09121299, 614.62
0.16, 81.341921152, 64.15050749, -64.54184023, 630.25
0.17, 83.18626418000001, 65.26131815, -63.9736961, 643.84
0.18000000000000002, 84.787472331, 66.38166366, -63.38871752, 655.51
0.19, 86.15160646700001, 67.51154403, -62.78807058, 665.3
0.2, 87.307290138, 68.65095926, -62.17373886, 673.46
0.21000000000000002, 88.26444217400001, 69.79990934, -61.54652932, 680.06
0.22, 89.036990646, 70.95839428, -60.90789878, 685.24
0.23, 89.631151352, 72.12641407, -60.25884512, 689.01
0.24000000000000002, 90.076746256, 73.30396872, -59.60084493, 691.67
0.25, 90.36036940700001, 74.49105822, -58.93479029, 693.05
0.26, 90.50231027000001, 75.68768258, -58.26167458, 693.35
0.27, 90.50882286900001, 76.8938418, -57.58278224, 692.6
0.28, 90.39234362, 78.10953587, -56.89887388, 690.92
0.29000000000000004, 90.160613638, 79.33476479, -56.21084527, 688.37
0.3, 89.884643192, 80.56952857, -55.51947425, 685.65
0.31, 89.376420967, 81.81382721, -54.82597804, 680.82

