Component: Shear
Strain, Stress, Mean Volume, Mean Energy, Mean External Pressure 
0.0, 0.0, 0.0, 0.0 0.0 
0.01, 8.89461141, 47.67427726, -69.79139803333334, 3.2099999999999995
0.02, 17.775119031, 47.67427726, -69.71170902333333, -0.64
0.03, 26.6673552795, 47.67427726, -69.5789676, -7.03
0.04, 35.5669539505, 47.67427726, -69.39300560333334, -15.943333333333333
0.05, 44.4885136905, 47.67427726, -69.15373481333334, -27.383333333333336
0.060000000000000005, 53.4118231165, 47.67427726, -68.86155192666666, -41.266666666666666
0.06999999999999999, 62.3522296355, 47.67427726, -68.51572047333333, -57.626666666666665
0.08, 71.308229908, 47.67427726, -68.11654211333332, -76.37
0.09, 80.2828398725, 47.67427726, -67.66376401999999, -97.47666666666667
0.09999999999999999, 89.2788985305, 47.67427726, -67.15732916666667, -120.93666666666667
0.11, 98.2908355525, 47.67427726, -66.59714917000001, -146.60666666666668
0.12, 107.3219172995, 47.67427726, -65.98283936666667, -174.49
0.13, 116.37028438399999, 47.67427726, -65.31459982666667, -204.44000000000003
0.14, 125.43263323450002, 47.67427726, -64.59197667666666, -236.41666666666666
0.15000000000000002, 134.4978848495, 47.67427726, -63.81512381666667, -270.30333333333334
0.16, 143.5523107465, 47.67427726, -62.98372616333333, -305.9066666666667
0.17, 152.5700103055, 47.67427726, -62.151503856666665, -352.93666666666667
0.18000000000000002, 159.439300671, 47.67427726, -61.22564445333333, -374.32666666666665
0.19, 162.1240265605, 47.67427726, -60.2338255, -395.66
0.2, 160.58639152900003, 47.67427726, -59.29186459666667, -345.42333333333335
0.21000000000000002, 168.9146176995, 47.67427726, -58.35833925, -412.40000000000003
0.22, 176.9471868105, 47.67427726, -57.33980254666667, -446.6466666666667
0.23, 183.68750141200002, 47.67427726, -56.27186072, -497.10666666666674
0.24000000000000002, 162.42817237250003, 47.67427726, -55.10904501666666, -325.61333333333334
0.25, 143.63914827899998, 47.67427726, -54.39578989333334, -365.23333333333335
0.26, 136.67999622, 47.67427726, -53.580550136666666, -365.8233333333333
0.27, 138.07250844450002, 47.67427726, -52.758693283333336, -373.62999999999994
0.28, 135.792217658, 47.67427726, -51.94750371333333, -383.2166666666667
0.29000000000000004, 133.8728981375, 47.67427726, -51.135412773333336, -394.5466666666666
0.3, 123.136563744, 47.67427726, -50.36653193, -400.62999999999994
0.31, 107.34136247800002, 47.67427726, -49.67857136, -394.6933333333333

