Component: indent_strength
Strain, Stress, Mean Volume, Mean Energy, Mean External Pressure 
0.0, 0.0, 0.0, 0.0 0.0 
0.01, 4.5583196175000005, 47.66950984000001, -69.79139530666667, 0.2843333333333333
0.015, 6.641911252500001, 47.66355055, -69.75820216666666, 0.07833333333333334
0.02, 8.661595704, 47.65520755, -69.71153961, -0.21266666666666664
0.03, 12.558950799000002, 47.63137041000001, -69.57827485666667, -1.0376666666666667
0.04, 16.262777533500003, 47.59799842, -69.39069663000001, -2.1900000000000004
0.05, 19.774492928, 47.55509157, -69.14819596666666, -3.6669999999999994
0.06, 23.109042166500004, 47.50264987, -68.84992326333334, -5.465333333333334
0.07, 26.277866761, 47.44067329999999, -68.49406722666667, -7.581999999999999
0.08, 29.2926249495, 47.36916189000001, -68.07964915666668, -10.012
0.09000000000000001, 32.160396104, 47.288115620000006, -67.60422023666666, -12.758999999999999
0.1, 34.89423581249999, 47.19753449, -67.06614679666666, -15.810666666666668
0.11, 37.505513543999996, 47.09741850999999, -66.46262121666666, -19.159
0.12000000000000001, 39.999982245000005, 46.987767670000004, -65.79078632333334, -22.802999999999997
0.13, 42.388069151, 46.86858198000001, -65.04762971999999, -26.73533333333333
0.13999999999999999, 44.675773208500004, 46.73986143, -64.22905129, -30.955666666666666
0.15, 46.863630468000004, 46.60160602, -63.417461790000004, -36.43933333333334
0.16, 48.9515108585, 46.45381577, -62.402144623333335, -37.034
0.16999999999999998, 49.393827199, 46.29649065, -61.448424063333334, -42.45366666666666
0.18, 51.17545816250001, 46.12963068, -60.395332663333335, -46.68566666666668
0.19, 50.2538199295, 45.95323585, -59.311514460000005, -48.35466666666666
0.19999999999999998, 52.05941344600001, 45.767306170000005, -57.88547570333333, -44.98266666666667
0.21, 52.679751472499994, 45.57184164, -56.94155268, -56.217
0.22, 47.14799178, 45.366842240000004, -55.28022128, -43.92666666666666
0.22999999999999998, 42.612381779, 45.152308, -54.711988569999995, -52.71633333333333
0.24, 36.1802195415, 44.92823889000001, -53.67970161666667, -54.15433333333334
0.25, 35.7763705105, 44.69463493, -52.66879938333333, -58.777666666666676

