Component: Tensile_x
Strain, Stress, Mean Volume, Mean Energy, Mean External Pressure, Mean Temp 
0.0, 0.0, 0.0, 0.0, 0.0 
0.01, 7.119036326590001, 183.16071833, -289.20367344,  0.11599999999999999, 287.2823333333333
0.015, 12.707803835185002, 184.06745456, -289.13055748666665,  1.9600000000000002, 287.391
0.02, 18.143743442250003, 184.97419079, -289.1708197633333,  4.353, 289.4323333333333
0.03, 28.73826842839, 186.78766325, -289.09565212333337,  8.385666666666667, 294.728
0.04, 37.81788566020501, 188.60113571, -288.6179235133334,  11.758666666666667, 289.29066666666665
0.05, 47.23086836155001, 190.41460816999998, -288.09333556,  15.067999999999998, 292.89899999999994
0.06, 55.60572075188, 192.22808063, -287.34518978,  17.71633333333333, 296.11466666666666
0.07, 62.846496173264995, 194.04155308, -286.72720961666664,  20.240666666666662, 292.3983333333333
0.08, 70.43353755720001, 195.85502554, -285.88335431,  23.128666666666668, 301.9406666666667
0.09000000000000001, 76.971733303985, 197.668498, -285.37177126333336,  26.47266666666667, 301.319
0.1, 83.33506575504502, 199.48197046000004, -284.03092380000004,  28.199333333333335, 301.26866666666666
0.11, 88.36411061782502, 201.29544292, -283.32298352999993,  29.644, 317.0813333333333
0.12000000000000001, 93.53694577562, 203.10891538, -282.2718964066667,  30.829333333333334, 299.8593333333334
0.13, 98.01841340837501, 204.92238783999997, -281.2571438433333,  32.673, 299.26533333333333
0.13999999999999999, 102.28873679435003, 206.7358603, -280.0393207133333,  34.06166666666667, 292.27
0.15, 105.91916530972502, 208.54933275, -278.44869802,  35.52133333333334, 300.638
0.16, 109.432287805525, 210.36280521, -277.71146268,  38.28333333333333, 300.83166666666665
0.16999999999999998, 112.45769813305002, 212.17627767, -276.2360979033333,  39.72633333333333, 271.507
0.18, 114.95796650489, 213.98975013000003, -274.97825159666667,  38.842666666666666, 289.147
0.19, 116.523102368105, 215.80322259, -273.70603891,  39.23700000000001, 267.4936666666667
0.19999999999999998, 118.70019921372, 217.61669505, -272.18473593666664,  41.813, 289.87833333333333
0.21, 119.36839427733999, 219.43016750999996, -270.83998749666665,  42.41033333333333, 314.906
0.22, 120.89674606785002, 221.24363997, -269.37012536,  43.28533333333333, 289.785
0.22999999999999998, 120.36762046304, 223.05711241999998, -267.94392186333334,  40.683, 300.7336666666667

