❤❤❤❤❤❤❤❤❤❤❤❤❤❤❤❤❤❤❤❤❤❤❤❤❤❤❤❤❤❤❤❤❤❤❤❤❤❤❤❤❤❤❤❤❤❤❤❤❤❤❤❤❤❤❤❤❤❤❤❤❤❤❤❤❤❤❤❤❤❤❤❤
❤                            Results for Tensile_x                     ❤
❤                                    using                             ❤
❤                             SMATool Version: 1.0                     ❤
❤                       VASP code is used as a calculator              ❤
❤                          to perform MD simulations                   ❤
❤                Calculations started at 12:54:59 on 2024-03-03        ❤
❤❤❤❤❤❤❤❤❤❤❤❤❤❤❤❤❤❤❤❤❤❤❤❤❤❤❤❤❤❤❤❤❤❤❤❤❤❤❤❤❤❤❤❤❤❤❤❤❤❤❤❤❤❤❤❤❤❤❤❤❤❤❤❤❤❤❤❤❤❤❤❤
+-====================================================================-+
|                    This is a 3D lattice                              |
+-====================================================================-+
                             Ultimate strain (ε) = 0.220                             
                        Ultimate strength (σ_s) = 120.897 GPa                        
                          Yield Strength (σ_y) = 12.708 GPa                          
                             Stiffness (E) = 971.799 GPa                             
                             Thickness of material = None                            
                            Resilience (U_r) = 0.095 J/m^3                           
                            Toughness (U_r) = 18.489 J/m^3                           
                      Energy storage capacity (E_c) = 3.325 MJ/L                     
                    Energy storage capacity (E_c) = 265.400 Wh/Kg                    
                              Ductility (%D) = 22.000 %                              
                          Ductility Index (%DI) = 1366.667 %                         
+------------------------------------------------------------------------------+
|                                 * CITATIONS *                                |
| ---------------------------------------------------------------------------- |
|           If you have used SMATool in your research, PLEASE cite:            |
|                                                                              |
|              SMATool: Strength of materials analysis toolkit,                |
|                                 C.E. Ekuma,                                  |
|               Computer Physics Communications xxx, xxx, (2024)               |
|                                                                              |
|                                                                              |
|        Material strength analyzer: Python-based computational toolkit        |
|          for tensile and indent strength of materials, C.E. Ekuma,           |
|                        www.github.com/gmp007/smatool                         |
+------------------------------------------------------------------------------+
❤❤❤❤❤❤❤❤❤❤❤❤❤❤❤❤❤❤❤❤❤❤❤❤❤❤❤❤❤❤❤❤❤❤❤❤❤❤❤❤❤❤❤❤❤❤❤❤❤❤❤❤❤❤❤❤❤❤❤❤❤❤❤❤❤❤❤❤❤❤❤❤
❤                              Results for Shear                       ❤
❤                                    using                             ❤
❤                             SMATool Version: 1.0                     ❤
❤                       VASP code is used as a calculator              ❤
❤                          to perform MD simulations                   ❤
❤                Calculations started at 12:55:00 on 2024-03-03        ❤
❤❤❤❤❤❤❤❤❤❤❤❤❤❤❤❤❤❤❤❤❤❤❤❤❤❤❤❤❤❤❤❤❤❤❤❤❤❤❤❤❤❤❤❤❤❤❤❤❤❤❤❤❤❤❤❤❤❤❤❤❤❤❤❤❤❤❤❤❤❤❤❤
+-====================================================================-+
|                    This is a 3D lattice                              |
+-====================================================================-+
                             Ultimate strain (ε) = 0.060                             
                         Ultimate strength (σ_s) = 54.441 GPa                        
                          Yield Strength (σ_y) = 54.441 GPa                          
                             Stiffness (E) = 919.538 GPa                             
                             Thickness of material = None                            
                            Resilience (U_r) = 1.633 J/m^3                           
                            Toughness (U_r) = 1.651 J/m^3                            
                      Energy storage capacity (E_c) = 0.408 MJ/L                     
                     Energy storage capacity (E_c) = 32.594 Wh/Kg                    
                               Ductility (%D) = 6.000 %                              
                           Ductility Index (%DI) = 0.000 %                           
+------------------------------------------------------------------------------+
|                                 * CITATIONS *                                |
| ---------------------------------------------------------------------------- |
|           If you have used SMATool in your research, PLEASE cite:            |
|                                                                              |
|              SMATool: Strength of materials analysis toolkit,                |
|                                 C.E. Ekuma,                                  |
|               Computer Physics Communications xxx, xxx, (2024)               |
|                                                                              |
|                                                                              |
|        Material strength analyzer: Python-based computational toolkit        |
|          for tensile and indent strength of materials, C.E. Ekuma,           |
|                        www.github.com/gmp007/smatool                         |
+------------------------------------------------------------------------------+
