Component: Tensile_z
Strain, Stress, Mean Volume, Mean Energy, Mean Pressure 
0.0, 0.0, 0.0, 0.0 0.0 
0.01, 14.097056937, 355.7704194, -166.22586025666666, 47.973333333333336
0.02, 16.889696197000003, 359.29289880000005, -165.88774937333332, 57.193333333333335
0.03, 19.636660489, 362.8153782, -165.4883994966667, 66.34
0.04, 22.321773818, 366.3378576, -165.02900259666663, 75.28333333333335
0.05, 24.921376363, 369.860337, -164.51205372, 83.93333333333334
0.060000000000000005, 27.416600437, 373.38281639999997, -163.93841626333335, 92.05999999999999
0.06999999999999999, 29.830532717, 376.9052958, -163.31040733, 100.15333333333335
0.08, 32.134981348000004, 380.4277752, -162.63117294999998, 107.97333333333334
0.09, 34.301974812, 383.95025460000005, -161.90312031333335, 115.19666666666666
0.09999999999999999, 36.322739614, 387.472734, -161.12847320666665, 121.80333333333333
0.11, 38.204076546, 390.9952134, -160.31041857666665, 128.06666666666666
0.12, 39.924679262000005, 394.5176928, -159.45321014333334, 133.81666666666666
0.13, 41.479687638, 398.0401722, -158.55921909333333, 138.99666666666667
0.14, 42.853450799, 401.5626516, -157.63366476000002, 143.54666666666665
0.15000000000000002, 44.033527788, 405.085131, -156.68032539333333, 147.49333333333334
0.16, 45.010427076000006, 408.60761040000006, -155.70383282999998, 150.76333333333332
0.17, 45.779720045000005, 412.1300898, -154.70822581333334, 153.32999999999998
0.18000000000000002, 46.339702489000004, 415.6525692, -153.69698151999998, 155.2266666666667
0.19, 46.667154864000004, 419.1750486, -152.67629970333334, 156.29666666666665
0.2, 46.76381855700001, 422.697528, -151.65119639666668, 156.57000000000002
0.21000000000000002, 46.610904322, 426.2200074, -150.62568156666666, 156.07666666666668

