❤❤❤❤❤❤❤❤❤❤❤❤❤❤❤❤❤❤❤❤❤❤❤❤❤❤❤❤❤❤❤❤❤❤❤❤❤❤❤❤❤❤❤❤❤❤❤❤❤❤❤❤❤❤❤❤❤❤❤❤❤❤❤❤❤❤❤❤❤❤❤❤
❤                            Results for Tensile_z                     ❤
❤                                    using                             ❤
❤                             SMATool Version: 1.0                     ❤
❤                       VASP code is used as a calculator              ❤
❤                          to perform DFT simulations                  ❤
❤                Calculations started at 13:01:11 on 2024-03-03        ❤
❤❤❤❤❤❤❤❤❤❤❤❤❤❤❤❤❤❤❤❤❤❤❤❤❤❤❤❤❤❤❤❤❤❤❤❤❤❤❤❤❤❤❤❤❤❤❤❤❤❤❤❤❤❤❤❤❤❤❤❤❤❤❤❤❤❤❤❤❤❤❤❤
+-====================================================================-+
|                    This is a 1D lattice                              |
+-====================================================================-+
                             Ultimate strain (ε) = 0.200                             
                         Ultimate strength (σ_s) = 46.764 GPa                        
                          Yield Strength (σ_y) = 45.780 GPa                          
                             Stiffness (E) = 266.794 GPa                             
                             Thickness of material = None                            
                            Resilience (U_r) = 3.891 J/m^3                           
                            Toughness (U_r) = 7.112 J/m^3                            
                      Energy storage capacity (E_c) = 0.234 MJ/L                     
                     Energy storage capacity (E_c) = 55.517 Wh/Kg                    
                              Ductility (%D) = 20.000 %                              
                           Ductility Index (%DI) = 17.647 %                          
+------------------------------------------------------------------------------+
|                                 * CITATIONS *                                |
| ---------------------------------------------------------------------------- |
|           If you have used SMATool in your research, PLEASE cite:            |
|                                                                              |
|              SMATool: Strength of materials analysis toolkit,                |
|                                 C.E. Ekuma,                                  |
|               Computer Physics Communications xxx, xxx, (2024)               |
|                                                                              |
|                                                                              |
|        Material strength analyzer: Python-based computational toolkit        |
|          for tensile and indent strength of materials, C.E. Ekuma,           |
|                        www.github.com/gmp007/smatool                         |
+------------------------------------------------------------------------------+
