Component: Tensile_z
Strain, Stress, Mean Volume, Mean Energy, Mean Pressure 
0.0, 0.0, 0.0, 0.0 0.0 
0.01, 7.548160760000001, 349.60538142, -168.68087781, 25.840000000000003
0.02, 11.297941355, 353.06682084, -168.47824359333333, 38.38
0.03, 14.972675456, 356.52826026, -168.19551944, 50.596666666666664
0.04, 18.590946924, 359.98969968, -167.83401255333334, 62.653333333333336
0.05, 22.131214961, 363.4511390999999, -167.39508661333335, 74.46
0.060000000000000005, 25.57950148, 366.91257852000007, -166.88059556666667, 85.96
0.06999999999999999, 28.933800046, 370.37401794, -166.29315699333333, 96.99333333333334
0.08, 32.168660025, 373.83545736, -165.63414827333332, 107.76333333333334
0.09, 35.275010312, 377.29689678, -164.90675419333334, 118.13333333333333
0.09999999999999999, 38.249410317000006, 380.7583362, -164.11330099333335, 128.03333333333333
0.11, 41.077169229, 384.21977562, -163.25748976, 137.48666666666668
0.12, 43.745123105000005, 387.6812150399999, -162.34176666333335, 146.32666666666668
0.13, 46.24168855400001, 391.1426544600001, -161.3701340066667, 154.75666666666666
0.14, 48.540906848, 394.60409388, -160.34687730333334, 162.29999999999998
0.15000000000000002, 50.603249819000006, 398.0655333, -159.27607641333333, 169.18333333333334
0.16, 52.377162411, 401.52697272, -158.1640789966667, 175.06333333333336
0.17, 53.795655679000006, 404.98841214, -157.01750410666668, 179.79
0.18000000000000002, 54.682049322000005, 408.44985156, -155.84600062, 182.74666666666667
0.19, 54.831340748, 411.91129097999993, -154.66277491, 183.26333333333332
0.2, 54.00621028100001, 415.3727304000001, -153.4859858033333, 180.54666666666665

