❤❤❤❤❤❤❤❤❤❤❤❤❤❤❤❤❤❤❤❤❤❤❤❤❤❤❤❤❤❤❤❤❤❤❤❤❤❤❤❤❤❤❤❤❤❤❤❤❤❤❤❤❤❤❤❤❤❤❤❤❤❤❤❤❤❤❤❤❤❤❤❤
❤                            Results for Tensile_z                     ❤
❤                                    using                             ❤
❤                             SMATool Version: 1.0                     ❤
❤                       VASP code is used as a calculator              ❤
❤                          to perform DFT simulations                  ❤
❤                Calculations started at 13:00:15 on 2024-03-03        ❤
❤❤❤❤❤❤❤❤❤❤❤❤❤❤❤❤❤❤❤❤❤❤❤❤❤❤❤❤❤❤❤❤❤❤❤❤❤❤❤❤❤❤❤❤❤❤❤❤❤❤❤❤❤❤❤❤❤❤❤❤❤❤❤❤❤❤❤❤❤❤❤❤
+-====================================================================-+
|                    This is a 1D lattice                              |
+-====================================================================-+
                             Ultimate strain (ε) = 0.190                             
                         Ultimate strength (σ_s) = 54.831 GPa                        
                          Yield Strength (σ_y) = 46.242 GPa                          
                             Stiffness (E) = 360.785 GPa                             
                             Thickness of material = None                            
                            Resilience (U_r) = 3.006 J/m^3                           
                            Toughness (U_r) = 7.039 J/m^3                            
                      Energy storage capacity (E_c) = 0.260 MJ/L                     
                     Energy storage capacity (E_c) = 62.780 Wh/Kg                    
                              Ductility (%D) = 19.000 %                              
                           Ductility Index (%DI) = 46.154 %                          
+------------------------------------------------------------------------------+
|                                 * CITATIONS *                                |
| ---------------------------------------------------------------------------- |
|           If you have used SMATool in your research, PLEASE cite:            |
|                                                                              |
|              SMATool: Strength of materials analysis toolkit,                |
|                                 C.E. Ekuma,                                  |
|               Computer Physics Communications xxx, xxx, (2024)               |
|                                                                              |
|                                                                              |
|        Material strength analyzer: Python-based computational toolkit        |
|          for tensile and indent strength of materials, C.E. Ekuma,           |
|                        www.github.com/gmp007/smatool                         |
+------------------------------------------------------------------------------+
