Component: Tensile_x
Strain, Stress, Mean Volume, Mean Energy, Mean External Pressure 
0.0, 0.0, 0.0, 0.0 0.0 
0.01, 2.706922606, 106.38199872, -18.612359193333333, 0.125
0.015, 4.349717040000001, 106.90864228, -18.608466473333333, 0.19120000000000004
0.02, 5.944800478, 107.43528584, -18.601562419999997, 0.25520000000000004
0.03, 8.994671094000001, 108.48857296, -18.579201883333337, 0.3768666666666667
0.04, 11.864131306, 109.54186007, -18.54629387, 0.4904
0.05, 14.558846936000002, 110.59514718999999, -18.50388329, 0.5963333333333333
0.06, 17.088512910000002, 111.6484343, -18.452514603333334, 0.6949333333333334
0.07, 19.453136592000003, 112.70172142, -18.392949459999997, 0.7862
0.08, 21.668190872, 113.75500854, -18.325805013333333, 0.8706666666666667
0.09000000000000001, 23.706132786, 114.80829565, -18.25164301, 0.9480666666666666
0.1, 25.595451632000003, 115.86158277, -18.171009406666666, 1.0188666666666666
0.11, 27.337768892000003, 116.91486988000001, -18.08428118333333, 1.0830666666666668
0.12000000000000001, 28.934039244000004, 117.968157, -17.991957666666668, 1.1408666666666665
0.13, 30.3920478, 119.02144412, -17.89430477333333, 1.1922666666666668
0.13999999999999999, 31.705772078000003, 120.07473123, -17.79184454333333, 1.2374666666666667
0.15, 32.88113043800001, 121.12801835, -17.684851273333333, 1.2764
0.16, 33.928920950000006, 122.18130546000002, -17.573688443333335, 1.3092666666666666
0.16999999999999998, 34.829750331999996, 123.23459257999998, -17.458627863333334, 1.336066666666667
0.18, 35.620759310000004, 124.2878797, -17.33991290333333, 1.3568666666666669
0.19, 36.277464378000005, 125.34116681, -17.217870766666667, 1.3717333333333335
0.19999999999999998, 36.814259432, 126.39445393, -17.09275888333333, 1.380866666666667
0.21, 37.236288242, 127.44774104, -16.96463876, 1.3841999999999999
0.22, 37.550151466, 128.50102816, -16.833568316666668, 1.3819333333333337
0.22999999999999998, 37.765582044000006, 129.55431528, -16.69953562, 1.3743333333333332
0.24, 37.92920274, 130.60760239, -16.61968102333333, 1.4562000000000002
0.25, 37.985103176, 131.66088951, -16.495160549999998, 1.4554
0.26, 37.974610724, 132.71417663, -16.288167509999997, 1.2784
0.27, 37.913405418, 133.76746374, -16.142953393333332, 1.247
0.28, 37.806192552, 134.82075086, -15.994309543333335, 1.2115333333333334
0.29000000000000004, 37.658971368, 135.87403797, -15.842196000000001, 1.1724

