Component: Shear
Strain, Stress, Mean Volume, Mean Energy, Mean Pressure 
0.0, 0.0, 0.0, 0.0 0.0 
0.01, 2.281748424, 105.32871160999998, -18.601146619999998, -0.2833333333333334
0.02, 5.326868139, 105.32871160999998, -18.588372709999998, -0.2733333333333333
0.03, 8.349008997, 105.32871160999998, -18.54168389333333, -0.3126666666666667
0.04, 11.399418865000001, 105.32871160999998, -18.460292496666664, -0.4100000000000001
0.05, 14.44453814, 105.32871160999998, -18.343721976666668, -0.5660000000000001
0.060000000000000005, 17.468542413, 105.32871160999998, -18.296185856666668, -0.8213333333333334
0.06999999999999999, 20.475103159, 105.32871160999998, -18.17182585666667, -1.0573333333333332
0.08, 23.458382177, 105.32871160999998, -18.028003406666667, -1.33
0.09, 26.408631909000004, 105.32871160999998, -17.864937916666666, -1.6426666666666667
0.09999999999999999, 29.329426008, 105.32871160999998, -17.683010023333335, -2.008
0.11, 32.195617814, 105.32871160999998, -17.48257387, -2.416666666666667
0.12, 34.989660745, 105.32871160999998, -17.264617013333332, -2.9106666666666667
0.13, 37.705477633, 105.32871160999998, -17.02826458666667, -3.372
0.14, 40.310094719000006, 105.32871160999998, -16.775631106666665, -3.921333333333333
0.15000000000000002, 42.782040249000005, 105.32871160999998, -16.507130936666666, -4.517333333333332
0.16, 45.098335559, 105.32871160999998, -16.223642523333332, -5.166
0.17, 47.230817949, 105.32871160999998, -15.895501379999999, -4.858666666666667
0.18000000000000002, 49.108919912000005, 105.32871160999998, -15.616610753333333, -6.694
0.19, 50.77175690000001, 105.32871160999998, -15.29722547, -7.414666666666666

