Component: Tensile_y
Strain, Stress, Mean Volume, Mean Energy, Mean Pressure 
0.0, 0.0, 0.0, 0.0 0.0 
0.01, 3.881976272, 106.38199872, -18.601107923333334, 1.2540000000000002
0.02, 7.169837982000001, 107.43528584, -18.582570156666666, 2.5773333333333333
0.03, 10.279264894, 108.48857296, -18.55554725, 3.8286666666666664
0.04, 13.168368782, 109.54186007, -18.52002037, 4.999333333333333
0.05, 15.84991101, 110.59514718999999, -18.475989756666667, 6.085999999999999
0.060000000000000005, 18.316263902, 111.6484343, -18.423478496666664, 7.083333333333333
0.06999999999999999, 20.558343658000002, 112.70172142, -18.362692873333334, 7.988666666666667
0.08, 22.565989958000003, 113.75500854, -18.293908813333335, 8.798666666666668
0.09, 24.320703132000002, 114.80829565, -18.21782714, 9.508666666666667
0.09999999999999999, 25.846310402, 115.86158277, -18.13520459333333, 10.122
0.11, 27.117322646000005, 116.91486988000001, -18.046891403333333, 10.638
0.12, 28.161822830000002, 117.968157, -17.953444020000003, 11.060000000000002
0.13, 29.015059324, 119.02144412, -17.855616933333334, 11.398000000000001
0.14, 29.684862204, 120.07473123, -17.753875756666666, 11.653333333333336
0.15000000000000002, 30.198076326000002, 121.12801835, -17.64873765, 11.835333333333335
0.16, 30.562425422000004, 122.18130546000002, -17.54084084, 11.949333333333335
0.17, 30.781399888, 123.23459257999998, -17.430866693333332, 12.000666666666667
0.18000000000000002, 30.84999607, 124.2878797, -17.319506453333332, 11.99
0.19, 30.755988808, 125.34116681, -17.207715753333332, 11.920000000000002
0.2, 30.475914666, 126.39445393, -17.096472286666664, 11.790000000000003
0.21000000000000002, 30.053283055999998, 127.44774104, -17.03817064, 10.380666666666666
0.22, 29.326513938, 128.50102816, -16.942853833333334, 9.912

