Component: Tensile_biaxial
Strain, Stress, Mean Volume, Mean Energy, Mean Pressure 
0.0, 0.0, 0.0, 0.0 0.0 
0.01, 3.925676882, 107.44581870999998, -18.6081456, 2.654
0.02, 7.596862182, 109.58399156, -18.57076156, 5.1000000000000005
0.03, 10.895277204000001, 111.74323014, -18.5093509, 7.298000000000001
0.04, 13.855133111999999, 113.92353447, -18.42590082, 9.268
0.05, 16.511641638, 116.12490455, -18.32253236, 11.038
0.060000000000000005, 18.883858398, 118.34734036000002, -18.20049418, 12.618000000000002
0.06999999999999999, 20.99689104, 120.59084192, -18.06156303, 14.026
0.08, 22.871786450000002, 122.85540922, -17.90718783, 15.274000000000001
0.09, 24.527189328000002, 125.14104226, -17.73873013, 16.378
0.09999999999999999, 25.97978285, 127.44774104, -17.55751768, 17.344
0.11, 27.245637552, 129.77550557, -17.36476859, 18.188
0.12, 28.33756654, 132.12433584, -17.16153118, 18.913999999999998
0.13, 29.26968553, 134.49423185, -16.94900559, 19.534000000000002
0.14, 30.052670472000003, 136.8851936, -16.72804721, 20.056
0.15000000000000002, 30.700006538000004, 139.2972211, -16.49985385, 20.486000000000004
0.16, 31.220615288, 141.73031434, -16.26517921, 20.832
0.17, 31.624084117000002, 144.18447332, -16.02489264, 21.1
0.18000000000000002, 31.919665457999997, 146.65969804, -15.77986801, 21.298000000000002
0.19, 32.114213402000004, 149.15598851, -15.5307848, 21.426000000000002
0.2, 32.215014498, 151.67334471, -15.2784521, 21.492
0.21000000000000002, 32.22898215, 154.21176666, -15.02355435, 21.502000000000002
0.22, 32.161064972000005, 156.77125436, -14.76672661, 21.456000000000003
0.23, 32.015954312000005, 159.35180779, -14.50864796, 21.358000000000004
0.24000000000000002, 31.797979626, 161.95342697, -14.24992517, 21.212000000000003
0.25, 31.512155862, 164.57611189, -13.99118298, 21.022000000000002

