Component: Tensile_x
Strain, Stress, Mean Volume, Mean Energy, Mean External Pressure, Mean Temp 
0.0, 0.0, 0.0, 0.0, 0.0 
0.01, 0.46650116310699535, 425.52799489, -74.23149852666667,  -0.013545703516942545, 274.02233333333334
0.015, 1.9172878395671353, 427.63456913, -74.13356323666666,  0.03086533438188899, 293.676
0.02, 3.6117996482694337, 429.74114336, -74.26545669333335,  0.10304169491246347, 287.04466666666667
0.03, 6.691608148168775, 433.95429182, -74.07435621333333,  0.21929213554294055, 255.2733333333333
0.04, 9.76622009517429, 438.16744029, -73.95209463,  0.33655344957020433, 298.993
0.05, 12.540902003575951, 442.38058875, -73.85929027,  0.43871905420545265, 255.39333333333335
0.06, 15.029224626034251, 446.5937372199999, -73.76374873,  0.5553064526348587, 302.84166666666664
0.07, 17.550445075764404, 450.80688568, -73.41830460000001,  0.6522829071666016, 292.06166666666667
0.08, 19.890327134035353, 455.02003414, -73.16709491666667,  0.7507419760136317, 284.24333333333334
0.09000000000000001, 21.847844057172487, 459.23318261000003, -72.93921190333333,  0.8283770528868547, 293.3213333333333
0.1, 24.081098483604908, 463.44633107, -72.72443789333333,  0.9281165613698147, 306.175
0.11, 25.777691297461654, 467.65947953999995, -72.32233862666668,  1.0019777108950338, 298.465
0.12000000000000001, 27.64617628970248, 471.872628, -71.81515100666667,  1.0765127760181106, 297.9446666666667
0.13, 29.14327597567947, 476.08577647, -71.54498807,  1.1321108128413824, 283.21133333333336
0.13999999999999999, 30.652577908194008, 480.29892493000006, -71.11897511,  1.1628413641036999, 293.4436666666667
0.15, 31.890765064788596, 484.51207339, -70.72030796666668,  1.2602895595539432, 301.01
0.16, 32.62250791840176, 488.72522186, -70.26843583333333,  1.2552351925700094, 285.25433333333336
0.16999999999999998, 33.66033431987416, 492.93837031999993, -69.90763215666665,  1.3035549409364164, 287.345
0.18, 34.90742637332564, 497.15151879, -69.52577351666666,  1.3383963773456666, 318.1816666666667
0.19, 35.43395672642321, 501.3646672500001, -69.01129327333334,  1.3826052405651408, 313.99966666666666
0.19999999999999998, 36.28555838602428, 505.57781572, -68.5823669,  1.390422661500292, 301.01966666666664
0.21, 36.674817529991095, 509.79096418, -68.05853031666668,  1.4433924274919177, 290.16433333333333
0.22, 36.79895733027574, 514.00411264, -67.56107577333334,  1.369396494847127, 314.92266666666666
0.22999999999999998, 37.187050949031146, 518.21726111, -66.98833466333333,  1.3884683062665042, 304.76300000000003
0.24, 37.75221957009365, 522.43040957, -66.60875733666667,  1.4409663313396297, 274.89166666666665
0.25, 37.348593885753324, 526.64355804, -65.96050582,  1.4572076972480035, 298.5263333333333
0.26, 37.58542104333632, 530.8567065, -65.48000015666666,  1.3307811310898732, 306.8123333333333
0.27, 36.901128538236144, 535.06985497, -64.98045072000001,  1.380583493771567, 339.2956666666667
0.28, 36.80378479254928, 539.28300343, -64.61088106999999,  1.3929835407721511, 320.321
0.29000000000000004, 37.31533639638249, 543.49615189, -64.01669517,  1.4421793794157736, 326.7633333333333
0.30000000000000004, 36.78534947145312, 547.70930036, -63.54322026666667,  1.2161480878942545, 285.539
0.31, 36.0825425833119, 551.92244882, -63.093065929999995,  1.275587443625316, 337.03299999999996
0.32, 36.08588151120197, 556.13559729, -62.61137645666667,  1.260896083592015, 291.93733333333336

