Component: Tensile_biaxial
Strain, Stress, Mean Volume, Mean Energy, Mean External Pressure 
0.0, 0.0, 0.0, 0.0 0.0 
0.01, 17.029, 48.63247485214735, -1458.50099904216, 150.73
0.015, 21.151, 49.11517115416206, -1458.4668637062825, 182.71
0.02, 25.162000000000003, 49.600253227178925, -1458.4179388405503, 213.73
0.03, 32.555, 50.577574686219144, -1458.2875718988796, 271.1
0.04, 39.423, 51.564439229268004, -1458.1068787045756, 324.23
0.05, 45.643, 52.56083203787209, -1457.8860062511994, 372.23
0.06, 51.316, 53.56675311203137, -1457.6259163255472, 415.8
0.07, 56.50800000000001, 54.582217270199294, -1457.3264188560167, 455.52
0.08, 61.209, 55.607209693922435, -1456.992293796453, 491.46
0.09000000000000001, 65.539, 56.64174520165421, -1456.622201529824, 524.35
0.1, 69.43400000000001, 57.685808974941196, -1456.2209629631254, 553.93
0.11, 72.927, 58.7394010137834, -1455.793717512745, 580.11
0.12000000000000001, 76.10900000000001, 59.80253613663424, -1455.3371149115908, 603.85
0.13, 78.983, 60.87521434349373, -1454.8532045859624, 625.2966666666666
0.13999999999999999, 81.50200000000001, 61.95742081590842, -1454.3487979564827, 643.8466666666667
0.15, 83.805, 63.04915555387833, -1453.8184562814067, 660.74
0.16, 85.78200000000001, 64.15043337585688, -1453.27011154665, 675.22
0.16999999999999998, 87.53, 65.26123946339062, -1452.7022128386898, 687.89
0.18, 89.04700000000001, 66.38158863493304, -1452.1172018361012, 698.76
0.19, 90.32600000000001, 67.51146607203064, -1451.5189489518132, 707.51
0.19999999999999998, 91.391, 68.65087177468347, -1450.904143239201, 714.99
0.21, 92.31900000000002, 69.79982056134493, -1450.2744118036967, 721.25
0.22, 93.004, 70.95831243201503, -1449.63647966974, 725.6
0.22999999999999998, 93.55900000000001, 72.12633256824036, -1448.9856808992363, 729.0
0.24, 93.962, 73.30388097002088, -1448.3259275385508, 731.05
0.25, 94.206, 74.49097245581005, -1447.6578941581934, 732.07
0.26, 94.33300000000001, 75.68759220715442, -1446.9813304133193, 732.19
0.27, 94.339, 76.89375504250745, -1446.2998061669875, 731.15
0.28, 94.19400000000002, 78.10944614341568, -1445.6123876601396, 729.24
0.29000000000000004, 93.927, 79.33466550987913, -1444.9224182209612, 726.23
0.30000000000000004, 93.59, 80.56942796035122, -1444.22712215099, 722.74
0.31, 93.132, 81.81373349483194, -1443.5299913526349, 718.31

