Component: Shear
Strain, Stress, Mean Volume, Mean Energy, Mean External Pressure 
0.0, 0.0, 0.0, 0.0 0.0 
0.01, 8.848, 47.67422474267098, -1458.508553878125, 7.996999999999998
0.015, 13.259, 47.67422474267098, -1458.4763058339786, 7.810666666666667
0.02, 17.71, 47.67422474267098, -1458.4309189486191, 7.551666666666667
0.03, 26.546, 47.67422474267098, -1458.3004067434451, 6.836333333333333
0.04, 35.421, 47.67422474267098, -1458.1147676964854, 5.890666666666667
0.05, 44.273, 47.67422474267098, -1457.8801749397132, 4.602
0.06, 53.148, 47.67422474267098, -1457.5895967762547, 3.100333333333333
0.07, 62.048, 47.67422474267098, -1457.246801440246, 1.3166666666666667
0.08, 70.966, 47.67422474267098, -1456.8524268121646, -0.7503333333333333
0.09000000000000001, 79.906, 47.67422474267098, -1456.4041103985987, -3.0626666666666664
0.1, 88.875, 47.67422474267098, -1455.9014835304831, -5.610333333333333
0.11, 97.87400000000001, 47.67422474267098, -1455.3456573398262, -8.403333333333334
0.12000000000000001, 106.90100000000001, 47.67422474267098, -1454.7370812681875, -11.446666666666669
0.13, 115.929, 47.67422474267098, -1454.0768943846092, -13.776
0.13999999999999999, 125.03900000000002, 47.67422474267098, -1453.3625357338965, -17.20466666666667
0.15, 134.109, 47.67422474267098, -1452.5925011154238, -20.750333333333334
0.16, 141.76600000000002, 47.67422474267098, -1451.77227203818, -23.56933333333333
0.16999999999999998, 150.122, 47.67422474267098, -1450.9108343854532, -26.962333333333326
0.18, 159.144, 47.67422474267098, -1449.996074006503, -31.050333333333334
0.19, 167.84300000000002, 47.67422474267098, -1449.0285598462713, -35.08566666666666
0.19999999999999998, 169.601, 47.67422474267098, -1448.033545168824, -35.092
0.21, 171.459, 47.67422474267098, -1447.0357869477143, -35.66566666666667
0.22, 175.543, 47.67422474267098, -1446.0222269781655, -37.98533333333333
0.22999999999999998, 159.96500000000003, 47.67422474267098, -1445.00795506779, -31.949
0.24, 153.651, 47.67422474267098, -1444.075279431264, -29.994999999999997
0.25, 151.221, 47.67422474267098, -1443.1538130304994, -30.37366666666667
0.26, 139.168, 47.67422474267098, -1442.2979089058801, -29.83233333333333
0.27, 140.293, 47.67422474267098, -1441.4666577619284, -31.719666666666665
0.28, 139.423, 47.67422474267098, -1440.627018977233, -32.92866666666667
0.29000000000000004, 134.609, 47.67422474267098, -1439.8068253201568, -33.76533333333334
0.30000000000000004, 125.69100000000002, 47.67422474267098, -1439.0341402209965, -35.266666666666666
0.31, 109.07600000000001, 47.67422474267098, -1438.3221108657926, -35.653666666666666

